-- Catapult University Version: Report                                              
-- ---------------------------- ---------------------------------------------------
-- Version:                     2011a.126 Production Release                        
-- Build Date:                  Wed Aug  8 00:52:07 PDT 2012                        
                                                                                    
-- Generated by:                apl115@EEWS104A-017                                 
-- Generated date:              Mon May 09 12:00:43 +0100 2016                      

Solution Settings: GameUnit.v27
  Current state: schedule
  Project: Catapult
  
  Design Input Files Specified
    $PROJECT_HOME/gameengine.c
      $MGC_HOME/shared/include/ac_int.h
  
  Processes/Blocks in Design
    Process        Real Operation(s) count Latency Throughput Reset Length II Comments 
    -------------- ----------------------- ------- ---------- ------------ -- --------
    /GameUnit/core                    1929       9         10            0  0          
    Design Total:                     1929       9         10            0  0          
    
  Clock Information
    Clock Signal Edge   Period Sharing Alloc (%) Uncertainty Used by Processes/Blocks 
    ------------ ------ ------ ----------------- ----------- ------------------------
    clk          rising 20.000             20.00    0.000000 /GameUnit/core           
    
  I/O Data Ranges
    Port                     Mode DeclType DeclWidth DeclRange ActType ActWidth ActRange 
    ------------------------ ---- -------- --------- --------- ------- -------- --------
    restart:rsc.z            IN   Unsigned         1                                     
    random:rsc.z             IN   Unsigned        16                                     
    redobjecty:rsc.z         IN   Unsigned        11                                     
    blueobjecty:rsc.z        IN   Unsigned        11                                     
    meteorpx:rsc.z           IN   Unsigned        11                                     
    meteorpy:rsc.z           IN   Unsigned        11                                     
    meteordirectionin:rsc.z  IN   Unsigned         4                                     
    p1planets:rsc.z          IN   Unsigned         8                                     
    p2planets:rsc.z          IN   Unsigned         8                                     
    clk                      IN   Unsigned         1                                     
    rst                      IN   Unsigned         1                                     
    meteordirectionout:rsc.z OUT  Unsigned         4                                     
    player1y:rsc.z           OUT  Unsigned        11                                     
    player2y:rsc.z           OUT  Unsigned        11                                     
    meteorpxout:rsc.z        OUT  Unsigned        11                                     
    meteorpyout:rsc.z        OUT  Unsigned        11                                     
    p1p1:rsc.z               OUT  Unsigned         1                                     
    p1p2:rsc.z               OUT  Unsigned         1                                     
    p1p3:rsc.z               OUT  Unsigned         1                                     
    p1p4:rsc.z               OUT  Unsigned         1                                     
    p1p5:rsc.z               OUT  Unsigned         1                                     
    p1p6:rsc.z               OUT  Unsigned         1                                     
    p1p7:rsc.z               OUT  Unsigned         1                                     
    p1p8:rsc.z               OUT  Unsigned         1                                     
    p2p1:rsc.z               OUT  Unsigned         1                                     
    p2p2:rsc.z               OUT  Unsigned         1                                     
    p2p3:rsc.z               OUT  Unsigned         1                                     
    p2p4:rsc.z               OUT  Unsigned         1                                     
    p2p5:rsc.z               OUT  Unsigned         1                                     
    p2p6:rsc.z               OUT  Unsigned         1                                     
    p2p7:rsc.z               OUT  Unsigned         1                                     
    p2p8:rsc.z               OUT  Unsigned         1                                     
    player1score:rsc.z       OUT  Unsigned         1                                     
    player2score:rsc.z       OUT  Unsigned         1                                     
    
  Memory Resources
    Resource Name: /GameUnit/restart:rsc
      Memory Component: mgc_in_wire                  Size:         1 x 1
      External:         true                         Packing Mode: sidebyside
      Memory Map:
      Variable          Indices Phys Memory Address     
      ----------------- ------- -----------------------
      /GameUnit/restart     0:0 00000000-00000000 (0-0) 
      
    Resource Name: /GameUnit/random:rsc
      Memory Component: mgc_in_wire                  Size:         1 x 16
      External:         true                         Packing Mode: sidebyside
      Memory Map:
      Variable         Indices Phys Memory Address     
      ---------------- ------- -----------------------
      /GameUnit/random    0:15 00000000-00000000 (0-0) 
      
    Resource Name: /GameUnit/redobjecty:rsc
      Memory Component: mgc_in_wire                  Size:         1 x 11
      External:         true                         Packing Mode: sidebyside
      Memory Map:
      Variable             Indices Phys Memory Address     
      -------------------- ------- -----------------------
      /GameUnit/redobjecty    0:10 00000000-00000000 (0-0) 
      
    Resource Name: /GameUnit/blueobjecty:rsc
      Memory Component: mgc_in_wire                  Size:         1 x 11
      External:         true                         Packing Mode: sidebyside
      Memory Map:
      Variable              Indices Phys Memory Address     
      --------------------- ------- -----------------------
      /GameUnit/blueobjecty    0:10 00000000-00000000 (0-0) 
      
    Resource Name: /GameUnit/meteorpx:rsc
      Memory Component: mgc_in_wire                  Size:         1 x 11
      External:         true                         Packing Mode: sidebyside
      Memory Map:
      Variable           Indices Phys Memory Address     
      ------------------ ------- -----------------------
      /GameUnit/meteorpx    0:10 00000000-00000000 (0-0) 
      
    Resource Name: /GameUnit/meteorpy:rsc
      Memory Component: mgc_in_wire                  Size:         1 x 11
      External:         true                         Packing Mode: sidebyside
      Memory Map:
      Variable           Indices Phys Memory Address     
      ------------------ ------- -----------------------
      /GameUnit/meteorpy    0:10 00000000-00000000 (0-0) 
      
    Resource Name: /GameUnit/meteordirectionin:rsc
      Memory Component: mgc_in_wire                  Size:         1 x 4
      External:         true                         Packing Mode: sidebyside
      Memory Map:
      Variable                    Indices Phys Memory Address     
      --------------------------- ------- -----------------------
      /GameUnit/meteordirectionin     0:3 00000000-00000000 (0-0) 
      
    Resource Name: /GameUnit/p1planets:rsc
      Memory Component: mgc_in_wire                  Size:         1 x 8
      External:         true                         Packing Mode: sidebyside
      Memory Map:
      Variable            Indices Phys Memory Address     
      ------------------- ------- -----------------------
      /GameUnit/p1planets     0:7 00000000-00000000 (0-0) 
      
    Resource Name: /GameUnit/p2planets:rsc
      Memory Component: mgc_in_wire                  Size:         1 x 8
      External:         true                         Packing Mode: sidebyside
      Memory Map:
      Variable            Indices Phys Memory Address     
      ------------------- ------- -----------------------
      /GameUnit/p2planets     0:7 00000000-00000000 (0-0) 
      
    Resource Name: /GameUnit/meteordirectionout:rsc
      Memory Component: mgc_out_stdreg               Size:         1 x 4
      External:         true                         Packing Mode: sidebyside
      Memory Map:
      Variable                     Indices Phys Memory Address     
      ---------------------------- ------- -----------------------
      /GameUnit/meteordirectionout     0:3 00000000-00000000 (0-0) 
      
    Resource Name: /GameUnit/player1y:rsc
      Memory Component: mgc_out_stdreg               Size:         1 x 11
      External:         true                         Packing Mode: sidebyside
      Memory Map:
      Variable           Indices Phys Memory Address     
      ------------------ ------- -----------------------
      /GameUnit/player1y    0:10 00000000-00000000 (0-0) 
      
    Resource Name: /GameUnit/player2y:rsc
      Memory Component: mgc_out_stdreg               Size:         1 x 11
      External:         true                         Packing Mode: sidebyside
      Memory Map:
      Variable           Indices Phys Memory Address     
      ------------------ ------- -----------------------
      /GameUnit/player2y    0:10 00000000-00000000 (0-0) 
      
    Resource Name: /GameUnit/meteorpxout:rsc
      Memory Component: mgc_out_stdreg               Size:         1 x 11
      External:         true                         Packing Mode: sidebyside
      Memory Map:
      Variable              Indices Phys Memory Address     
      --------------------- ------- -----------------------
      /GameUnit/meteorpxout    0:10 00000000-00000000 (0-0) 
      
    Resource Name: /GameUnit/meteorpyout:rsc
      Memory Component: mgc_out_stdreg               Size:         1 x 11
      External:         true                         Packing Mode: sidebyside
      Memory Map:
      Variable              Indices Phys Memory Address     
      --------------------- ------- -----------------------
      /GameUnit/meteorpyout    0:10 00000000-00000000 (0-0) 
      
    Resource Name: /GameUnit/p1p1:rsc
      Memory Component: mgc_out_stdreg               Size:         1 x 1
      External:         true                         Packing Mode: sidebyside
      Memory Map:
      Variable       Indices Phys Memory Address     
      -------------- ------- -----------------------
      /GameUnit/p1p1     0:0 00000000-00000000 (0-0) 
      
    Resource Name: /GameUnit/p1p2:rsc
      Memory Component: mgc_out_stdreg               Size:         1 x 1
      External:         true                         Packing Mode: sidebyside
      Memory Map:
      Variable       Indices Phys Memory Address     
      -------------- ------- -----------------------
      /GameUnit/p1p2     0:0 00000000-00000000 (0-0) 
      
    Resource Name: /GameUnit/p1p3:rsc
      Memory Component: mgc_out_stdreg               Size:         1 x 1
      External:         true                         Packing Mode: sidebyside
      Memory Map:
      Variable       Indices Phys Memory Address     
      -------------- ------- -----------------------
      /GameUnit/p1p3     0:0 00000000-00000000 (0-0) 
      
    Resource Name: /GameUnit/p1p4:rsc
      Memory Component: mgc_out_stdreg               Size:         1 x 1
      External:         true                         Packing Mode: sidebyside
      Memory Map:
      Variable       Indices Phys Memory Address     
      -------------- ------- -----------------------
      /GameUnit/p1p4     0:0 00000000-00000000 (0-0) 
      
    Resource Name: /GameUnit/p1p5:rsc
      Memory Component: mgc_out_stdreg               Size:         1 x 1
      External:         true                         Packing Mode: sidebyside
      Memory Map:
      Variable       Indices Phys Memory Address     
      -------------- ------- -----------------------
      /GameUnit/p1p5     0:0 00000000-00000000 (0-0) 
      
    Resource Name: /GameUnit/p1p6:rsc
      Memory Component: mgc_out_stdreg               Size:         1 x 1
      External:         true                         Packing Mode: sidebyside
      Memory Map:
      Variable       Indices Phys Memory Address     
      -------------- ------- -----------------------
      /GameUnit/p1p6     0:0 00000000-00000000 (0-0) 
      
    Resource Name: /GameUnit/p1p7:rsc
      Memory Component: mgc_out_stdreg               Size:         1 x 1
      External:         true                         Packing Mode: sidebyside
      Memory Map:
      Variable       Indices Phys Memory Address     
      -------------- ------- -----------------------
      /GameUnit/p1p7     0:0 00000000-00000000 (0-0) 
      
    Resource Name: /GameUnit/p1p8:rsc
      Memory Component: mgc_out_stdreg               Size:         1 x 1
      External:         true                         Packing Mode: sidebyside
      Memory Map:
      Variable       Indices Phys Memory Address     
      -------------- ------- -----------------------
      /GameUnit/p1p8     0:0 00000000-00000000 (0-0) 
      
    Resource Name: /GameUnit/p2p1:rsc
      Memory Component: mgc_out_stdreg               Size:         1 x 1
      External:         true                         Packing Mode: sidebyside
      Memory Map:
      Variable       Indices Phys Memory Address     
      -------------- ------- -----------------------
      /GameUnit/p2p1     0:0 00000000-00000000 (0-0) 
      
    Resource Name: /GameUnit/p2p2:rsc
      Memory Component: mgc_out_stdreg               Size:         1 x 1
      External:         true                         Packing Mode: sidebyside
      Memory Map:
      Variable       Indices Phys Memory Address     
      -------------- ------- -----------------------
      /GameUnit/p2p2     0:0 00000000-00000000 (0-0) 
      
    Resource Name: /GameUnit/p2p3:rsc
      Memory Component: mgc_out_stdreg               Size:         1 x 1
      External:         true                         Packing Mode: sidebyside
      Memory Map:
      Variable       Indices Phys Memory Address     
      -------------- ------- -----------------------
      /GameUnit/p2p3     0:0 00000000-00000000 (0-0) 
      
    Resource Name: /GameUnit/p2p4:rsc
      Memory Component: mgc_out_stdreg               Size:         1 x 1
      External:         true                         Packing Mode: sidebyside
      Memory Map:
      Variable       Indices Phys Memory Address     
      -------------- ------- -----------------------
      /GameUnit/p2p4     0:0 00000000-00000000 (0-0) 
      
    Resource Name: /GameUnit/p2p5:rsc
      Memory Component: mgc_out_stdreg               Size:         1 x 1
      External:         true                         Packing Mode: sidebyside
      Memory Map:
      Variable       Indices Phys Memory Address     
      -------------- ------- -----------------------
      /GameUnit/p2p5     0:0 00000000-00000000 (0-0) 
      
    Resource Name: /GameUnit/p2p6:rsc
      Memory Component: mgc_out_stdreg               Size:         1 x 1
      External:         true                         Packing Mode: sidebyside
      Memory Map:
      Variable       Indices Phys Memory Address     
      -------------- ------- -----------------------
      /GameUnit/p2p6     0:0 00000000-00000000 (0-0) 
      
    Resource Name: /GameUnit/p2p7:rsc
      Memory Component: mgc_out_stdreg               Size:         1 x 1
      External:         true                         Packing Mode: sidebyside
      Memory Map:
      Variable       Indices Phys Memory Address     
      -------------- ------- -----------------------
      /GameUnit/p2p7     0:0 00000000-00000000 (0-0) 
      
    Resource Name: /GameUnit/p2p8:rsc
      Memory Component: mgc_out_stdreg               Size:         1 x 1
      External:         true                         Packing Mode: sidebyside
      Memory Map:
      Variable       Indices Phys Memory Address     
      -------------- ------- -----------------------
      /GameUnit/p2p8     0:0 00000000-00000000 (0-0) 
      
    Resource Name: /GameUnit/player1score:rsc
      Memory Component: mgc_out_stdreg               Size:         1 x 1
      External:         true                         Packing Mode: sidebyside
      Memory Map:
      Variable               Indices Phys Memory Address     
      ---------------------- ------- -----------------------
      /GameUnit/player1score     0:0 00000000-00000000 (0-0) 
      
    Resource Name: /GameUnit/player2score:rsc
      Memory Component: mgc_out_stdreg               Size:         1 x 1
      External:         true                         Packing Mode: sidebyside
      Memory Map:
      Variable               Indices Phys Memory Address     
      ---------------------- ------- -----------------------
      /GameUnit/player2score     0:0 00000000-00000000 (0-0) 
      
  Multi-Cycle (Combinational) Component Usage
    Instance Component Name Delay 
    -------- -------------- -----
    
  Loops
    Process        Loop             Iterations C-Steps Total Cycles   Duration  Unroll Init Comments 
    -------------- ---------------- ---------- ------- ------------- ---------- ------ ---- --------
    /GameUnit/core core:rlp           Infinite       0           10  200.00 ns                       
    /GameUnit/core   main             Infinite      10           10  200.00 ns                       
    
  Loop Execution Profile
    Process        Loop             Total Cycles % of Overall Design Cycles Throughput Cycles Comments 
    -------------- ---------------- ------------ -------------------------- ----------------- --------
    /GameUnit/core core:rlp                   0                        0.00               10           
    /GameUnit/core   main                    10                      100.00               10           
    
  End of Report
