//  Catapult University Version 2011a.126 (Production Release) Wed Aug  8 00:52:07 PDT 2012
//  
//  Copyright (c) Calypto Design Systems, Inc., 1996-2012, All Rights Reserved.
//                       UNPUBLISHED, LICENSED SOFTWARE.
//            CONFIDENTIAL AND PROPRIETARY INFORMATION WHICH IS THE
//          PROPERTY OF CALYPTO DESIGN SYSTEMS OR ITS LICENSORS
//  
//  Running on Windows 7 apl115@EEWS104A-017 Service Pack 1 6.01.7601 i686
//  
//  Package information: SIFLIBS v17.0_1.1, HLS_PKGS v17.0_1.1, 
//                       DesignPad v2.78_0.0
//  
//  This version may only be used for academic purposes.  Some optimizations 
//  are disabled, so results obtained from this version may be sub-optimal.
//  
//  Start time Tue May 10 13:27:37 2016
# -------------------------------------------------
# Logging session transcript to file "C:\Users\apl115\AppData\Local\Temp\log507224eaa28.0"
# Loading options from registry.
# Warning: set_working_dir: Directory 'C:/Windows' not writable, using C:/Users/apl115/AppData/Local/Temp
project load //icnas2.cc.ic.ac.uk/apl115/RealFPGA/Project/ImageProcessingUnit/Catapult_5/
# Moving session transcript to file "\\icnas2.cc.ic.ac.uk\apl115\RealFPGA\Project\ImageProcessingUnit\catapult.log"
# Reading component library '$MGC_HOME\pkgs\siflibs\mgc_busdefs.lib' [mgc_busdefs]... (LIB-49)
# Reading component library '$MGC_HOME\pkgs\siflibs\stdops.lib' [STDOPS]... (LIB-49)
# Reading component library '$MGC_HOME\pkgs\siflibs\mgc_ioport.lib' [mgc_ioport]... (LIB-49)
# Reading component library '$MGC_HOME\pkgs\ccs_altera\Altera_accel_CycloneIII.lib' [Altera_accel_CycloneIII]... (LIB-49)
# Reading component library '$MGC_HOME\pkgs\siflibs\psr2010a_up2\mgc_Altera-Cyclone-III-6_beh_psr.lib' [mgc_Altera-Cyclone-III-6_beh_psr]... (LIB-49)
# Error: syntax error at token '' (Line 34366) (READ-3)
# Error: Error reading SIF database 'project.sif', no designs read. (READ-4)
# Error: project load: could not read project file
project new -name Catapult
set_working_dir //icnas2.cc.ic.ac.uk/apl115/RealFPGA/Project/ImageProcessingUnit
solution file add ./vga_mouse_square.c
# /INPUTFILES/1
go analyze
# Creating project directory '\\icnas2.cc.ic.ac.uk\apl115\RealFPGA\Project\ImageProcessingUnit\Catapult_6'. (PRJ-1)
# Info: Starting transformation 'analyze' on solution 'solution.v1' (SOL-8)
# Front End called with arguments: -- {\\icnas2.cc.ic.ac.uk\apl115\RealFPGA\Project\ImageProcessingUnit\vga_mouse_square.c} (CIN-69)
# Edison Design Group C++/C Front End - Version 3.10.1 (CIN-1)
# Error: $PROJECT_HOME/vga_mouse_square.c(52): $PROJECT_HOME/vga_mouse_square.c(52): error while writing intermediate language (7) file (CRD-189)
# Error: Compilation aborted (CIN-5)
# Error: go analyze: Failed analyze
go analyze
# Info: Starting transformation 'analyze' on solution 'solution.v1' (SOL-8)
# Front End called with arguments: -- {\\icnas2.cc.ic.ac.uk\apl115\RealFPGA\Project\ImageProcessingUnit\vga_mouse_square.c} (CIN-69)
# Edison Design Group C++/C Front End - Version 3.10.1 (CIN-1)
# Source file analysis completed (CIN-68)
# Info: Completed transformation 'analyze' on solution 'solution.v1': elapsed time 0.67 seconds, memory usage 151676kB, peak memory usage 175128kB (SOL-9)
directive set -TECHLIBS {{Altera_accel_CycloneIII.lib Altera_accel_CycloneIII} {mgc_Altera-Cyclone-III-6_beh_psr.lib {{mgc_Altera-Cyclone-III-6_beh_psr part EP3C16F484C}}}}
# /TECHLIBS {{Altera_accel_CycloneIII.lib Altera_accel_CycloneIII} {mgc_Altera-Cyclone-III-6_beh_psr.lib {{mgc_Altera-Cyclone-III-6_beh_psr part EP3C16F484C}}}}
directive set -CLOCKS {clk {-CLOCK_PERIOD 20.0 -CLOCK_EDGE rising -CLOCK_HIGH_TIME 10.00 -CLOCK_OFFSET 0.000000 -CLOCK_UNCERTAINTY 0.0 -RESET_KIND sync -RESET_SYNC_NAME rst -RESET_SYNC_ACTIVE high -RESET_ASYNC_NAME arst_n -RESET_ASYNC_ACTIVE low -ENABLE_NAME {} -ENABLE_ACTIVE high}}
# /CLOCKS {clk {-CLOCK_PERIOD 20.0 -CLOCK_EDGE rising -CLOCK_UNCERTAINTY 0.0 -CLOCK_HIGH_TIME 10.0 -RESET_SYNC_NAME rst -RESET_ASYNC_NAME arst_n -RESET_KIND sync -RESET_SYNC_ACTIVE high -RESET_ASYNC_ACTIVE low -ENABLE_NAME {} -ENABLE_ACTIVE high}}
go compile
# Info: Starting transformation 'compile' on solution 'solution.v1' (SOL-8)
# Reading component library '$MGC_HOME\pkgs\siflibs\mgc_busdefs.lib' [mgc_busdefs]... (LIB-49)
# Reading component library '$MGC_HOME\pkgs\siflibs\stdops.lib' [STDOPS]... (LIB-49)
# Reading component library '$MGC_HOME\pkgs\siflibs\mgc_ioport.lib' [mgc_ioport]... (LIB-49)
# Reading component library '$MGC_HOME\pkgs\ccs_altera\Altera_accel_CycloneIII.lib' [Altera_accel_CycloneIII]... (LIB-49)
# Reading component library '$MGC_HOME\pkgs\siflibs\psr2010a_up2\mgc_Altera-Cyclone-III-6_beh_psr.lib' [mgc_Altera-Cyclone-III-6_beh_psr]... (LIB-49)
# Generating synthesis internal form... (CIN-3)
# Error: No design detected Design hierarchy must be selected interactively or using pragma 'hls_design top' (CIN-21)
# Error: Compilation aborted (CIN-5)
# Error: go compile: Failed compile
directive set -DESIGN_HIERARCHY blueobject
# /DESIGN_HIERARCHY blueobject
go compile
# Info: Starting transformation 'compile' on solution 'solution.v1' (SOL-8)
# Generating synthesis internal form... (CIN-3)
# $PROJECT_HOME/vga_mouse_square.c(52): Found top design routine 'blueobject' specified by directive (CIN-52)
# $PROJECT_HOME/vga_mouse_square.c(52): Synthesizing routine 'blueobject' (CIN-13)
# $PROJECT_HOME/vga_mouse_square.c(52): Inlining routine 'blueobject' (CIN-14)
# Warning: $PROJECT_HOME/vga_mouse_square.c(73): Instantiating global variable 'findpixelblue' which may be accessed outside this scope (CIN-18)
# Warning: $PROJECT_HOME/vga_mouse_square.c(97): Instantiating global variable 'blueobjy' which may be accessed outside this scope (CIN-18)
# $PROJECT_HOME/vga_mouse_square.c(52): Optimizing block '/blueobject' ... (CIN-4)
# $PROJECT_HOME/vga_mouse_square.c(52): Inout port 'vga_xy' is only used as an input. (OPT-10)
# $PROJECT_HOME/vga_mouse_square.c(52): Inout port 'video_in' is only used as an input. (OPT-10)
# $PROJECT_HOME/vga_mouse_square.c(52): Inout port 'player2y' is only used as an output. (OPT-11)
# Info: Optimizing partition '/blueobject': (Total ops = 87, Real ops = 11, Vars = 32) (SOL-10)
# Info: Optimizing partition '/blueobject/core': (Total ops = 87, Real ops = 11, Vars = 28) (SOL-10)
# Info: Optimizing partition '/blueobject/core': (Total ops = 87, Real ops = 11, Vars = 28) (SOL-10)
# Info: Optimizing partition '/blueobject': (Total ops = 87, Real ops = 11, Vars = 32) (SOL-10)
# Info: Optimizing partition '/blueobject': (Total ops = 87, Real ops = 11, Vars = 32) (SOL-10)
# Info: Optimizing partition '/blueobject/core': (Total ops = 87, Real ops = 11, Vars = 28) (SOL-10)
# Info: Optimizing partition '/blueobject/core': (Total ops = 41, Real ops = 8, Vars = 10) (SOL-10)
# Info: Optimizing partition '/blueobject/core': (Total ops = 41, Real ops = 8, Vars = 10) (SOL-10)
# Info: Optimizing partition '/blueobject': (Total ops = 41, Real ops = 8, Vars = 14) (SOL-10)
# Info: Optimizing partition '/blueobject': (Total ops = 41, Real ops = 8, Vars = 14) (SOL-10)
# Info: Optimizing partition '/blueobject/core': (Total ops = 41, Real ops = 8, Vars = 10) (SOL-10)
# Info: Optimizing partition '/blueobject/core': (Total ops = 27, Real ops = 6, Vars = 7) (SOL-10)
# Info: Optimizing partition '/blueobject': (Total ops = 27, Real ops = 6, Vars = 11) (SOL-10)
# Info: Optimizing partition '/blueobject/core': (Total ops = 26, Real ops = 6, Vars = 8) (SOL-10)
# Info: Optimizing partition '/blueobject/core': (Total ops = 26, Real ops = 6, Vars = 7) (SOL-10)
# Info: Optimizing partition '/blueobject': (Total ops = 26, Real ops = 6, Vars = 11) (SOL-10)
# Info: Optimizing partition '/blueobject/core': (Total ops = 26, Real ops = 6, Vars = 7) (SOL-10)
# Info: Optimizing partition '/blueobject': (Total ops = 26, Real ops = 6, Vars = 11) (SOL-10)
# Info: Optimizing partition '/blueobject': (Total ops = 26, Real ops = 6, Vars = 11) (SOL-10)
# Info: Optimizing partition '/blueobject/core': (Total ops = 26, Real ops = 6, Vars = 7) (SOL-10)
# Info: Optimizing partition '/blueobject/core': (Total ops = 30, Real ops = 8, Vars = 9) (SOL-10)
# Info: Optimizing partition '/blueobject/core': (Total ops = 26, Real ops = 8, Vars = 9) (SOL-10)
# Info: Optimizing partition '/blueobject/core': (Total ops = 26, Real ops = 8, Vars = 7) (SOL-10)
# Info: Optimizing partition '/blueobject': (Total ops = 26, Real ops = 8, Vars = 11) (SOL-10)
# Info: Optimizing partition '/blueobject': (Total ops = 26, Real ops = 8, Vars = 11) (SOL-10)
# Info: Optimizing partition '/blueobject/core': (Total ops = 26, Real ops = 8, Vars = 7) (SOL-10)
# Design 'blueobject' was read (SOL-1)
# Info: Completed transformation 'compile' on solution 'blueobject.v1': elapsed time 0.34 seconds, memory usage 155528kB, peak memory usage 175128kB (SOL-9)
go allocate
# Info: Starting transformation 'architect' on solution 'blueobject.v1' (SOL-8)
# $PROJECT_HOME/vga_mouse_square.c(52): Loop '/blueobject/core/main' is left rolled. (LOOP-4)
# $PROJECT_HOME/vga_mouse_square.c(52): I/O-Port inferred - resource 'VGA_VS:rsc' (from var: VGA_VS) mapped to 'mgc_ioport.mgc_in_wire' (size: 1). (MEM-2)
# $PROJECT_HOME/vga_mouse_square.c(52): I/O-Port inferred - resource 'vga_xy:rsc' (from var: vga_xy) mapped to 'mgc_ioport.mgc_in_wire' (size: 20). (MEM-2)
# $PROJECT_HOME/vga_mouse_square.c(52): I/O-Port inferred - resource 'video_in:rsc' (from var: video_in) mapped to 'mgc_ioport.mgc_in_wire' (size: 30). (MEM-2)
# $PROJECT_HOME/vga_mouse_square.c(52): I/O-Port inferred - resource 'player2y:rsc' (from var: player2y) mapped to 'mgc_ioport.mgc_out_stdreg' (size: 10). (MEM-2)
# Info: Optimizing partition '/blueobject': (Total ops = 32, Real ops = 9, Vars = 13) (SOL-10)
# Info: Optimizing partition '/blueobject/core': (Total ops = 32, Real ops = 9, Vars = 7) (SOL-10)
# Info: Optimizing partition '/blueobject/core': (Total ops = 35, Real ops = 9, Vars = 9) (SOL-10)
# Info: Optimizing partition '/blueobject/core': (Total ops = 30, Real ops = 9, Vars = 6) (SOL-10)
# Info: Optimizing partition '/blueobject/core': (Total ops = 29, Real ops = 9, Vars = 6) (SOL-10)
# Info: Optimizing partition '/blueobject': (Total ops = 29, Real ops = 9, Vars = 12) (SOL-10)
# Info: Optimizing partition '/blueobject/core': (Total ops = 30, Real ops = 9, Vars = 7) (SOL-10)
# Info: Optimizing partition '/blueobject/core': (Total ops = 30, Real ops = 9, Vars = 6) (SOL-10)
# Info: Optimizing partition '/blueobject': (Total ops = 30, Real ops = 9, Vars = 12) (SOL-10)
# Info: Optimizing partition '/blueobject/core': (Total ops = 30, Real ops = 9, Vars = 6) (SOL-10)
# Info: Optimizing partition '/blueobject': (Total ops = 30, Real ops = 9, Vars = 12) (SOL-10)
# Info: Optimizing partition '/blueobject': (Total ops = 30, Real ops = 9, Vars = 12) (SOL-10)
# Info: Optimizing partition '/blueobject/core': (Total ops = 30, Real ops = 9, Vars = 6) (SOL-10)
# Info: Optimizing partition '/blueobject/core': (Total ops = 103, Real ops = 20, Vars = 51) (SOL-10)
# Info: Optimizing partition '/blueobject/core': (Total ops = 36, Real ops = 18, Vars = 11) (SOL-10)
# Info: Optimizing partition '/blueobject/core': (Total ops = 36, Real ops = 18, Vars = 10) (SOL-10)
# Design 'blueobject' contains '18' real operations. (SOL-11)
# Info: Completed transformation 'architect' on solution 'blueobject.v1': elapsed time 0.45 seconds, memory usage 155504kB, peak memory usage 175128kB (SOL-9)
# Info: Starting transformation 'allocate' on solution 'blueobject.v1' (SOL-8)
# Performing concurrent resource allocation and scheduling on '/blueobject/core' (CRAAS-1)
# Info: Select qualified components for data operations ... (CRAAS-3)
# Info: Apply resource constraints on data operations ... (CRAAS-4)
# $PROJECT_HOME/vga_mouse_square.c(52): Prescheduled LOOP 'main' (2 c-steps) (SCHD-7)
# $PROJECT_HOME/vga_mouse_square.c(52): Prescheduled LOOP 'core:rlp' (0 c-steps) (SCHD-7)
# $PROJECT_HOME/vga_mouse_square.c(52): Prescheduled SEQUENTIAL 'core' (total length 2 c-steps) (SCHD-8)
# Info: Initial schedule of SEQUENTIAL 'core': Latency = 1, Area (Datapath, Register, Total) = 62.39, 0.00, 62.39 (CRAAS-11)
# At least one feasible schedule exists. (CRAAS-9)
# Info: Final schedule of SEQUENTIAL 'core': Latency = 1, Area (Datapath, Register, Total) = 62.39, 0.00, 62.39 (CRAAS-12)
# Resource allocation and scheduling done. (CRAAS-2)
# Netlist written to file 'schedule.gnt' (NET-4)
# Info: Completed transformation 'allocate' on solution 'blueobject.v1': elapsed time 0.05 seconds, memory usage 155804kB, peak memory usage 175128kB (SOL-9)
go extract
# Info: Starting transformation 'schedule' on solution 'blueobject.v1' (SOL-8)
# Performing concurrent resource allocation and scheduling on '/blueobject/core' (CRAAS-1)
# Global signal 'VGA_VS:rsc.z' added to design 'blueobject' for component 'VGA_VS:rsc:mgc_in_wire' (LIB-3)
# Global signal 'vga_xy:rsc.z' added to design 'blueobject' for component 'vga_xy:rsc:mgc_in_wire' (LIB-3)
# Global signal 'video_in:rsc.z' added to design 'blueobject' for component 'video_in:rsc:mgc_in_wire' (LIB-3)
# Global signal 'player2y:rsc.z' added to design 'blueobject' for component 'player2y:rsc:mgc_out_stdreg' (LIB-3)
# Info: Optimizing partition '/blueobject': (Total ops = 63, Real ops = 19, Vars = 30) (SOL-10)
# Info: Optimizing partition '/blueobject/blueobject:core': (Total ops = 48, Real ops = 18, Vars = 19) (SOL-10)
# Info: Optimizing partition '/blueobject/blueobject:core/core': (Total ops = 42, Real ops = 18, Vars = 13) (SOL-10)
# Info: Optimizing partition '/blueobject/blueobject:core/core': (Total ops = 32, Real ops = 18, Vars = 10) (SOL-10)
# Info: Optimizing partition '/blueobject': (Total ops = 52, Real ops = 18, Vars = 26) (SOL-10)
# Info: Optimizing partition '/blueobject/blueobject:core': (Total ops = 38, Real ops = 18, Vars = 16) (SOL-10)
# Info: Optimizing partition '/blueobject/blueobject:core/core': (Total ops = 32, Real ops = 18, Vars = 10) (SOL-10)
# Info: Optimizing partition '/blueobject': (Total ops = 52, Real ops = 18, Vars = 26) (SOL-10)
# Info: Optimizing partition '/blueobject/blueobject:core': (Total ops = 38, Real ops = 18, Vars = 16) (SOL-10)
# Report written to file 'cycle.rpt'
# Netlist written to file 'cycle.v' (NET-4)
# Info: Completed transformation 'schedule' on solution 'blueobject.v1': elapsed time 0.53 seconds, memory usage 159384kB, peak memory usage 175128kB (SOL-9)
# Info: Starting transformation 'dpfsm' on solution 'blueobject.v1' (SOL-8)
# Performing FSM extraction... (FSM-1)
# Info: Optimizing partition '/blueobject': (Total ops = 110, Real ops = 51, Vars = 97) (SOL-10)
# Info: Optimizing partition '/blueobject/blueobject:core': (Total ops = 96, Real ops = 51, Vars = 87) (SOL-10)
# Info: Optimizing partition '/blueobject/blueobject:core/blueobject:core:fsm': (Total ops = 5, Real ops = 2, Vars = 13) (SOL-10)
# Info: Optimizing partition '/blueobject/blueobject:core/blueobject:core:fsm/blueobject:core:fsm': (Total ops = 1, Real ops = 1, Vars = 1) (SOL-10)
# Info: Optimizing partition '/blueobject': (Total ops = 67, Real ops = 17, Vars = 29) (SOL-10)
# Info: Optimizing partition '/blueobject/blueobject:core': (Total ops = 53, Real ops = 17, Vars = 19) (SOL-10)
# Info: Optimizing partition '/blueobject/blueobject:core/blueobject:core:fsm': (Total ops = 5, Real ops = 2, Vars = 4) (SOL-10)
# Info: Optimizing partition '/blueobject/blueobject:core/blueobject:core:fsm/blueobject:core:fsm': (Total ops = 1, Real ops = 1, Vars = 1) (SOL-10)
# Info: Optimizing partition '/blueobject': (Total ops = 54, Real ops = 17, Vars = 30) (SOL-10)
# Info: Optimizing partition '/blueobject/blueobject:core': (Total ops = 40, Real ops = 17, Vars = 20) (SOL-10)
# Info: Optimizing partition '/blueobject/blueobject:core/blueobject:core:fsm': (Total ops = 5, Real ops = 2, Vars = 4) (SOL-10)
# Info: Optimizing partition '/blueobject/blueobject:core/blueobject:core:fsm/blueobject:core:fsm': (Total ops = 1, Real ops = 1, Vars = 1) (SOL-10)
# Info: Optimizing partition '/blueobject': (Total ops = 54, Real ops = 17, Vars = 30) (SOL-10)
# Info: Optimizing partition '/blueobject/blueobject:core': (Total ops = 40, Real ops = 17, Vars = 20) (SOL-10)
# Info: Optimizing partition '/blueobject/blueobject:core/blueobject:core:fsm': (Total ops = 5, Real ops = 2, Vars = 4) (SOL-10)
# Info: Optimizing partition '/blueobject/blueobject:core': (Total ops = 40, Real ops = 17, Vars = 20) (SOL-10)
# Info: Optimizing partition '/blueobject': (Total ops = 54, Real ops = 17, Vars = 30) (SOL-10)
# Info: Optimizing partition '/blueobject': (Total ops = 54, Real ops = 17, Vars = 30) (SOL-10)
# Info: Optimizing partition '/blueobject/blueobject:core': (Total ops = 40, Real ops = 17, Vars = 20) (SOL-10)
# Info: Optimizing partition '/blueobject/blueobject:core/blueobject:core:fsm': (Total ops = 5, Real ops = 2, Vars = 4) (SOL-10)
# Info: Optimizing partition '/blueobject/blueobject:core/blueobject:core:fsm/blueobject:core:fsm': (Total ops = 1, Real ops = 1, Vars = 1) (SOL-10)
# Info: Optimizing partition '/blueobject': (Total ops = 54, Real ops = 17, Vars = 30) (SOL-10)
# Info: Optimizing partition '/blueobject/blueobject:core': (Total ops = 40, Real ops = 17, Vars = 20) (SOL-10)
# Info: Optimizing partition '/blueobject/blueobject:core/blueobject:core:fsm': (Total ops = 5, Real ops = 2, Vars = 4) (SOL-10)
# Info: Optimizing partition '/blueobject/blueobject:core/blueobject:core:fsm/blueobject:core:fsm': (Total ops = 1, Real ops = 1, Vars = 1) (SOL-10)
# Info: Completed transformation 'dpfsm' on solution 'blueobject.v1': elapsed time 0.13 seconds, memory usage 159444kB, peak memory usage 175128kB (SOL-9)
# Info: Starting transformation 'extract' on solution 'blueobject.v1' (SOL-8)
# Info: Optimizing partition '/blueobject': (Total ops = 70, Real ops = 28, Vars = 62) (SOL-10)
# Info: Optimizing partition '/blueobject/blueobject:core': (Total ops = 56, Real ops = 28, Vars = 52) (SOL-10)
# Info: Optimizing partition '/blueobject/blueobject:core/blueobject:core:fsm': (Total ops = 5, Real ops = 2, Vars = 4) (SOL-10)
# Info: Optimizing partition '/blueobject/blueobject:core/blueobject:core:fsm/blueobject:core:fsm': (Total ops = 1, Real ops = 1, Vars = 1) (SOL-10)
# Info: Optimizing partition '/blueobject': (Total ops = 57, Real ops = 20, Vars = 32) (SOL-10)
# Info: Optimizing partition '/blueobject/blueobject:core': (Total ops = 43, Real ops = 20, Vars = 22) (SOL-10)
# Info: Optimizing partition '/blueobject/blueobject:core/blueobject:core:fsm': (Total ops = 5, Real ops = 2, Vars = 4) (SOL-10)
# Info: Optimizing partition '/blueobject/blueobject:core/blueobject:core:fsm/blueobject:core:fsm': (Total ops = 1, Real ops = 1, Vars = 1) (SOL-10)
# Info: Optimizing partition '/blueobject': (Total ops = 56, Real ops = 18, Vars = 29) (SOL-10)
# Info: Optimizing partition '/blueobject/blueobject:core': (Total ops = 42, Real ops = 18, Vars = 19) (SOL-10)
# Info: Optimizing partition '/blueobject/blueobject:core/blueobject:core:fsm': (Total ops = 5, Real ops = 2, Vars = 4) (SOL-10)
# Info: Optimizing partition '/blueobject/blueobject:core': (Total ops = 42, Real ops = 18, Vars = 19) (SOL-10)
# Info: Optimizing partition '/blueobject': (Total ops = 56, Real ops = 18, Vars = 29) (SOL-10)
# Info: Optimizing partition '/blueobject': (Total ops = 56, Real ops = 18, Vars = 29) (SOL-10)
# Info: Optimizing partition '/blueobject/blueobject:core': (Total ops = 42, Real ops = 18, Vars = 19) (SOL-10)
# Info: Optimizing partition '/blueobject/blueobject:core/blueobject:core:fsm': (Total ops = 5, Real ops = 2, Vars = 4) (SOL-10)
# Info: Optimizing partition '/blueobject/blueobject:core/blueobject:core:fsm/blueobject:core:fsm': (Total ops = 1, Real ops = 1, Vars = 1) (SOL-10)
# Info: Optimizing partition '/blueobject': (Total ops = 56, Real ops = 18, Vars = 29) (SOL-10)
# Info: Optimizing partition '/blueobject/blueobject:core': (Total ops = 42, Real ops = 18, Vars = 19) (SOL-10)
# Info: Optimizing partition '/blueobject/blueobject:core/blueobject:core:fsm': (Total ops = 5, Real ops = 2, Vars = 4) (SOL-10)
# Info: Optimizing partition '/blueobject/blueobject:core/blueobject:core:fsm/blueobject:core:fsm': (Total ops = 1, Real ops = 1, Vars = 1) (SOL-10)
# Info: Optimizing partition '/blueobject': (Total ops = 73, Real ops = 26, Vars = 65) (SOL-10)
# Info: Optimizing partition '/blueobject/blueobject:core': (Total ops = 59, Real ops = 26, Vars = 55) (SOL-10)
# Info: Optimizing partition '/blueobject/blueobject:core/blueobject:core:fsm': (Total ops = 5, Real ops = 2, Vars = 4) (SOL-10)
# Info: Optimizing partition '/blueobject/blueobject:core/blueobject:core:fsm/blueobject:core:fsm': (Total ops = 1, Real ops = 1, Vars = 1) (SOL-10)
# Netlist written to file 'schematic.nlv' (NET-4)
# Info: Optimizing partition '/blueobject': (Total ops = 73, Real ops = 26, Vars = 65) (SOL-10)
# Info: Optimizing partition '/blueobject/blueobject:core': (Total ops = 59, Real ops = 26, Vars = 55) (SOL-10)
# Info: Optimizing partition '/blueobject/blueobject:core/blueobject:core:fsm': (Total ops = 5, Real ops = 2, Vars = 4) (SOL-10)
# Info: Optimizing partition '/blueobject/blueobject:core/blueobject:core:fsm/blueobject:core:fsm': (Total ops = 1, Real ops = 1, Vars = 1) (SOL-10)
# Info: Optimizing partition '/blueobject': (Total ops = 56, Real ops = 18, Vars = 29) (SOL-10)
# Info: Optimizing partition '/blueobject/blueobject:core': (Total ops = 42, Real ops = 18, Vars = 19) (SOL-10)
# Info: Optimizing partition '/blueobject': (Total ops = 56, Real ops = 18, Vars = 29) (SOL-10)
# Info: Optimizing partition '/blueobject/blueobject:core': (Total ops = 42, Real ops = 18, Vars = 19) (SOL-10)
# Info: Optimizing partition '/blueobject/blueobject:core/blueobject:core:fsm': (Total ops = 5, Real ops = 2, Vars = 4) (SOL-10)
# Info: Optimizing partition '/blueobject/blueobject:core/blueobject:core:fsm/blueobject:core:fsm': (Total ops = 1, Real ops = 1, Vars = 1) (SOL-10)
# Report written to file 'rtl.rpt'
# Netlist written to file 'rtl.v' (NET-4)
# generate concat
# order file name is: rtl.v_order.txt
# Add dependent file: ./rtl_mgc_ioport.v
# Add dependent file: ./rtl_mgc_ioport_v2001.v
# Add dependent file: ./rtl.v
# Finished writing concatenated file: //icnas2.cc.ic.ac.uk/apl115/RealFPGA/Project/ImageProcessingUnit/Catapult_6/blueobject.v1/concat_rtl.v
# Synthesis timing script written to file './rtl.v.psr_timing'
# IO timing constraints written to synthesis script file
# Synthesis script written to file 'rtl.v.psr'
# Info: Completed transformation 'extract' on solution 'blueobject.v1': elapsed time 1.14 seconds, memory usage 160828kB, peak memory usage 175128kB (SOL-9)
# File '$PROJECT_HOME/vga_mouse_square.c' saved
# Input file has changed
go new
solution file set {$PROJECT_HOME/vga_mouse_square.c} -updated
# Info: Branching solution 'solution.v1' at state 'new' (PRJ-2)
go extract
# Info: Starting transformation 'analyze' on solution 'solution.v1' (SOL-8)
# Front End called with arguments: -- {\\icnas2.cc.ic.ac.uk\apl115\RealFPGA\Project\ImageProcessingUnit\vga_mouse_square.c} (CIN-69)
# Edison Design Group C++/C Front End - Version 3.10.1 (CIN-1)
# Error: $PROJECT_HOME/vga_mouse_square.c(116): $PROJECT_HOME/vga_mouse_square.c(116): identifier "combine" is undefined (CRD-20)
# Error: $PROJECT_HOME/vga_mouse_square.c(116): $PROJECT_HOME/vga_mouse_square.c(116): expected a ";" (CRD-65)
# Error: Compilation aborted (CIN-5)
# Error: go analyze: Failed analyze
# File '$PROJECT_HOME/vga_mouse_square.c' saved
go extract
# Info: Starting transformation 'analyze' on solution 'solution.v1' (SOL-8)
# Front End called with arguments: -- {\\icnas2.cc.ic.ac.uk\apl115\RealFPGA\Project\ImageProcessingUnit\vga_mouse_square.c} (CIN-69)
# Edison Design Group C++/C Front End - Version 3.10.1 (CIN-1)
# Error: $PROJECT_HOME/vga_mouse_square.c(117): $PROJECT_HOME/vga_mouse_square.c(117): no suitable conversion function from "ac_int<30, false>" to "ac_int<30, false> *" exists (CRD-413)
# Warning: $PROJECT_HOME/vga_mouse_square.c(55): $PROJECT_HOME/vga_mouse_square.c(55): parameter "video_out" was set but never used (CRD-550)
# Error: Compilation aborted (CIN-5)
# Error: go analyze: Failed analyze
# File '$PROJECT_HOME/vga_mouse_square.c' saved
go extract
# Info: Starting transformation 'analyze' on solution 'solution.v1' (SOL-8)
# Front End called with arguments: -- {\\icnas2.cc.ic.ac.uk\apl115\RealFPGA\Project\ImageProcessingUnit\vga_mouse_square.c} (CIN-69)
# Edison Design Group C++/C Front End - Version 3.10.1 (CIN-1)
# Source file analysis completed (CIN-68)
# Info: Completed transformation 'analyze' on solution 'solution.v1': elapsed time 0.73 seconds, memory usage 165680kB, peak memory usage 186648kB (SOL-9)
# Info: Starting transformation 'compile' on solution 'solution.v1' (SOL-8)
# Generating synthesis internal form... (CIN-3)
# Error: No design detected Design hierarchy must be selected interactively or using pragma 'hls_design top' (CIN-21)
# Error: Compilation aborted (CIN-5)
# Error: go compile: Failed compile
go compile
# Info: Starting transformation 'compile' on solution 'solution.v1' (SOL-8)
# Generating synthesis internal form... (CIN-3)
# Error: No design detected Design hierarchy must be selected interactively or using pragma 'hls_design top' (CIN-21)
# Error: Compilation aborted (CIN-5)
# Error: go compile: Failed compile
directive set -DESIGN_HIERARCHY ImageProcessing
# /DESIGN_HIERARCHY ImageProcessing
go extract
# Info: Starting transformation 'compile' on solution 'solution.v1' (SOL-8)
# Generating synthesis internal form... (CIN-3)
# $PROJECT_HOME/vga_mouse_square.c(54): Found top design routine 'ImageProcessing' specified by directive (CIN-52)
# $PROJECT_HOME/vga_mouse_square.c(54): Synthesizing routine 'ImageProcessing' (CIN-13)
# $PROJECT_HOME/vga_mouse_square.c(54): Inlining routine 'ImageProcessing' (CIN-14)
# Warning: $PROJECT_HOME/vga_mouse_square.c(75): Instantiating global variable 'findpixelred' which may be accessed outside this scope (CIN-18)
# Warning: $PROJECT_HOME/vga_mouse_square.c(76): Instantiating global variable 'findpixelblue' which may be accessed outside this scope (CIN-18)
# Warning: $PROJECT_HOME/vga_mouse_square.c(87): Instantiating global variable 'redobjy' which may be accessed outside this scope (CIN-18)
# Warning: $PROJECT_HOME/vga_mouse_square.c(100): Instantiating global variable 'blueobjy' which may be accessed outside this scope (CIN-18)
# $PROJECT_HOME/vga_mouse_square.c(54): Optimizing block '/ImageProcessing' ... (CIN-4)
# $PROJECT_HOME/vga_mouse_square.c(54): Inout port 'vga_xy' is only used as an input. (OPT-10)
# $PROJECT_HOME/vga_mouse_square.c(54): Inout port 'video_in' is only used as an input. (OPT-10)
# $PROJECT_HOME/vga_mouse_square.c(54): Inout port 'player1y' is only used as an output. (OPT-11)
# $PROJECT_HOME/vga_mouse_square.c(55): Inout port 'player2y' is only used as an output. (OPT-11)
# $PROJECT_HOME/vga_mouse_square.c(55): Inout port 'video_out' is only used as an output. (OPT-11)
# Info: Optimizing partition '/ImageProcessing': (Total ops = 143, Real ops = 24, Vars = 51) (SOL-10)
# Info: Optimizing partition '/ImageProcessing/core': (Total ops = 143, Real ops = 24, Vars = 45) (SOL-10)
# Info: Optimizing partition '/ImageProcessing/core': (Total ops = 143, Real ops = 24, Vars = 45) (SOL-10)
# Info: Optimizing partition '/ImageProcessing': (Total ops = 143, Real ops = 24, Vars = 51) (SOL-10)
# Info: Optimizing partition '/ImageProcessing': (Total ops = 143, Real ops = 24, Vars = 51) (SOL-10)
# Info: Optimizing partition '/ImageProcessing/core': (Total ops = 143, Real ops = 24, Vars = 45) (SOL-10)
# Info: Optimizing partition '/ImageProcessing/core': (Total ops = 96, Real ops = 18, Vars = 21) (SOL-10)
# Info: Optimizing partition '/ImageProcessing': (Total ops = 96, Real ops = 18, Vars = 27) (SOL-10)
# Info: Optimizing partition '/ImageProcessing': (Total ops = 96, Real ops = 18, Vars = 27) (SOL-10)
# Info: Optimizing partition '/ImageProcessing/core': (Total ops = 93, Real ops = 18, Vars = 24) (SOL-10)
# Info: Optimizing partition '/ImageProcessing/core': (Total ops = 61, Real ops = 11, Vars = 14) (SOL-10)
# Info: Optimizing partition '/ImageProcessing': (Total ops = 61, Real ops = 11, Vars = 20) (SOL-10)
# Info: Optimizing partition '/ImageProcessing/core': (Total ops = 61, Real ops = 11, Vars = 16) (SOL-10)
# Info: Optimizing partition '/ImageProcessing/core': (Total ops = 61, Real ops = 11, Vars = 14) (SOL-10)
# Info: Optimizing partition '/ImageProcessing': (Total ops = 61, Real ops = 11, Vars = 20) (SOL-10)
# Info: Optimizing partition '/ImageProcessing/core': (Total ops = 61, Real ops = 11, Vars = 14) (SOL-10)
# Info: Optimizing partition '/ImageProcessing': (Total ops = 61, Real ops = 11, Vars = 20) (SOL-10)
# Info: Optimizing partition '/ImageProcessing': (Total ops = 61, Real ops = 11, Vars = 20) (SOL-10)
# Info: Optimizing partition '/ImageProcessing/core': (Total ops = 61, Real ops = 11, Vars = 14) (SOL-10)
# Info: Optimizing partition '/ImageProcessing/core': (Total ops = 67, Real ops = 15, Vars = 19) (SOL-10)
# Info: Optimizing partition '/ImageProcessing/core': (Total ops = 55, Real ops = 15, Vars = 17) (SOL-10)
# Info: Optimizing partition '/ImageProcessing/core': (Total ops = 55, Real ops = 15, Vars = 13) (SOL-10)
# Info: Optimizing partition '/ImageProcessing': (Total ops = 55, Real ops = 15, Vars = 19) (SOL-10)
# Info: Optimizing partition '/ImageProcessing/core': (Total ops = 55, Real ops = 15, Vars = 13) (SOL-10)
# Info: Optimizing partition '/ImageProcessing': (Total ops = 55, Real ops = 15, Vars = 19) (SOL-10)
# Info: Optimizing partition '/ImageProcessing': (Total ops = 55, Real ops = 15, Vars = 19) (SOL-10)
# Info: Optimizing partition '/ImageProcessing/core': (Total ops = 55, Real ops = 15, Vars = 13) (SOL-10)
# Design 'ImageProcessing' was read (SOL-1)
# Info: Completed transformation 'compile' on solution 'ImageProcessing.v1': elapsed time 0.41 seconds, memory usage 165192kB, peak memory usage 186648kB (SOL-9)
# Info: Starting transformation 'architect' on solution 'ImageProcessing.v1' (SOL-8)
# $PROJECT_HOME/vga_mouse_square.c(54): Loop '/ImageProcessing/core/main' is left rolled. (LOOP-4)
# $PROJECT_HOME/vga_mouse_square.c(54): I/O-Port inferred - resource 'VGA_VS:rsc' (from var: VGA_VS) mapped to 'mgc_ioport.mgc_in_wire' (size: 1). (MEM-2)
# $PROJECT_HOME/vga_mouse_square.c(54): I/O-Port inferred - resource 'vga_xy:rsc' (from var: vga_xy) mapped to 'mgc_ioport.mgc_in_wire' (size: 20). (MEM-2)
# $PROJECT_HOME/vga_mouse_square.c(54): I/O-Port inferred - resource 'video_in:rsc' (from var: video_in) mapped to 'mgc_ioport.mgc_in_wire' (size: 30). (MEM-2)
# $PROJECT_HOME/vga_mouse_square.c(54): I/O-Port inferred - resource 'player1y:rsc' (from var: player1y) mapped to 'mgc_ioport.mgc_out_stdreg' (size: 10). (MEM-2)
# $PROJECT_HOME/vga_mouse_square.c(55): I/O-Port inferred - resource 'player2y:rsc' (from var: player2y) mapped to 'mgc_ioport.mgc_out_stdreg' (size: 10). (MEM-2)
# $PROJECT_HOME/vga_mouse_square.c(55): I/O-Port inferred - resource 'video_out:rsc' (from var: video_out) mapped to 'mgc_ioport.mgc_out_stdreg' (size: 30). (MEM-2)
# Info: Optimizing partition '/ImageProcessing': (Total ops = 61, Real ops = 16, Vars = 21) (SOL-10)
# Info: Optimizing partition '/ImageProcessing/core': (Total ops = 61, Real ops = 16, Vars = 13) (SOL-10)
# Info: Optimizing partition '/ImageProcessing/core': (Total ops = 70, Real ops = 16, Vars = 17) (SOL-10)
# Info: Optimizing partition '/ImageProcessing/core': (Total ops = 60, Real ops = 16, Vars = 11) (SOL-10)
# Info: Optimizing partition '/ImageProcessing/core': (Total ops = 58, Real ops = 16, Vars = 11) (SOL-10)
# Info: Optimizing partition '/ImageProcessing': (Total ops = 58, Real ops = 16, Vars = 19) (SOL-10)
# Info: Optimizing partition '/ImageProcessing': (Total ops = 58, Real ops = 16, Vars = 19) (SOL-10)
# Info: Optimizing partition '/ImageProcessing/core': (Total ops = 58, Real ops = 16, Vars = 11) (SOL-10)
# Info: Optimizing partition '/ImageProcessing/core': (Total ops = 206, Real ops = 42, Vars = 101) (SOL-10)
# Info: Optimizing partition '/ImageProcessing/core': (Total ops = 71, Real ops = 36, Vars = 19) (SOL-10)
# Design 'ImageProcessing' contains '36' real operations. (SOL-11)
# Info: Completed transformation 'architect' on solution 'ImageProcessing.v1': elapsed time 0.89 seconds, memory usage 165384kB, peak memory usage 186648kB (SOL-9)
# Info: Starting transformation 'allocate' on solution 'ImageProcessing.v1' (SOL-8)
# Performing concurrent resource allocation and scheduling on '/ImageProcessing/core' (CRAAS-1)
# Info: Select qualified components for data operations ... (CRAAS-3)
# Info: Apply resource constraints on data operations ... (CRAAS-4)
# $PROJECT_HOME/vga_mouse_square.c(54): Prescheduled LOOP 'main' (2 c-steps) (SCHD-7)
# $PROJECT_HOME/vga_mouse_square.c(54): Prescheduled LOOP 'core:rlp' (0 c-steps) (SCHD-7)
# $PROJECT_HOME/vga_mouse_square.c(54): Prescheduled SEQUENTIAL 'core' (total length 2 c-steps) (SCHD-8)
# Info: Initial schedule of SEQUENTIAL 'core': Latency = 1, Area (Datapath, Register, Total) = 114.93, 0.00, 114.93 (CRAAS-11)
# At least one feasible schedule exists. (CRAAS-9)
# Info: Optimized LOOP 'main': Latency = 1, Area (Datapath, Register, Total) = 114.20, 0.00, 114.20 (CRAAS-10)
# Info: Final schedule of SEQUENTIAL 'core': Latency = 1, Area (Datapath, Register, Total) = 114.20, 0.00, 114.20 (CRAAS-12)
# Resource allocation and scheduling done. (CRAAS-2)
# Netlist written to file 'schedule.gnt' (NET-4)
# Info: Completed transformation 'allocate' on solution 'ImageProcessing.v1': elapsed time 0.06 seconds, memory usage 165816kB, peak memory usage 186648kB (SOL-9)
# Info: Starting transformation 'schedule' on solution 'ImageProcessing.v1' (SOL-8)
# Performing concurrent resource allocation and scheduling on '/ImageProcessing/core' (CRAAS-1)
# Global signal 'VGA_VS:rsc.z' added to design 'ImageProcessing' for component 'VGA_VS:rsc:mgc_in_wire' (LIB-3)
# Global signal 'vga_xy:rsc.z' added to design 'ImageProcessing' for component 'vga_xy:rsc:mgc_in_wire' (LIB-3)
# Global signal 'video_in:rsc.z' added to design 'ImageProcessing' for component 'video_in:rsc:mgc_in_wire' (LIB-3)
# Global signal 'player1y:rsc.z' added to design 'ImageProcessing' for component 'player1y:rsc:mgc_out_stdreg' (LIB-3)
# Global signal 'player2y:rsc.z' added to design 'ImageProcessing' for component 'player2y:rsc:mgc_out_stdreg' (LIB-3)
# Global signal 'video_out:rsc.z' added to design 'ImageProcessing' for component 'video_out:rsc:mgc_out_stdreg' (LIB-3)
# Info: Optimizing partition '/ImageProcessing': (Total ops = 112, Real ops = 37, Vars = 48) (SOL-10)
# Info: Optimizing partition '/ImageProcessing/ImageProcessing:core': (Total ops = 91, Real ops = 36, Vars = 33) (SOL-10)
# Info: Optimizing partition '/ImageProcessing/ImageProcessing:core/core': (Total ops = 83, Real ops = 36, Vars = 25) (SOL-10)
# Info: Optimizing partition '/ImageProcessing/ImageProcessing:core/core': (Total ops = 67, Real ops = 36, Vars = 19) (SOL-10)
# Info: Optimizing partition '/ImageProcessing': (Total ops = 95, Real ops = 36, Vars = 41) (SOL-10)
# Info: Optimizing partition '/ImageProcessing/ImageProcessing:core': (Total ops = 75, Real ops = 36, Vars = 27) (SOL-10)
# Info: Optimizing partition '/ImageProcessing/ImageProcessing:core/core': (Total ops = 67, Real ops = 36, Vars = 19) (SOL-10)
# Info: Optimizing partition '/ImageProcessing': (Total ops = 95, Real ops = 36, Vars = 41) (SOL-10)
# Info: Optimizing partition '/ImageProcessing/ImageProcessing:core': (Total ops = 75, Real ops = 36, Vars = 27) (SOL-10)
# Report written to file 'cycle.rpt'
# Netlist written to file 'cycle.v' (NET-4)
# Info: Completed transformation 'schedule' on solution 'ImageProcessing.v1': elapsed time 0.59 seconds, memory usage 167424kB, peak memory usage 186648kB (SOL-9)
# Info: Starting transformation 'dpfsm' on solution 'ImageProcessing.v1' (SOL-8)
# Performing FSM extraction... (FSM-1)
# Info: Optimizing partition '/ImageProcessing': (Total ops = 197, Real ops = 104, Vars = 198) (SOL-10)
# Info: Optimizing partition '/ImageProcessing/ImageProcessing:core': (Total ops = 177, Real ops = 104, Vars = 184) (SOL-10)
# Info: Optimizing partition '/ImageProcessing/ImageProcessing:core/ImageProcessing:core:fsm': (Total ops = 5, Real ops = 2, Vars = 28) (SOL-10)
# Info: Optimizing partition '/ImageProcessing/ImageProcessing:core/ImageProcessing:core:fsm/ImageProcessing:core:fsm': (Total ops = 1, Real ops = 1, Vars = 1) (SOL-10)
# Info: Optimizing partition '/ImageProcessing': (Total ops = 143, Real ops = 56, Vars = 50) (SOL-10)
# Info: Optimizing partition '/ImageProcessing/ImageProcessing:core': (Total ops = 123, Real ops = 56, Vars = 36) (SOL-10)
# Info: Optimizing partition '/ImageProcessing/ImageProcessing:core/ImageProcessing:core:fsm': (Total ops = 5, Real ops = 2, Vars = 4) (SOL-10)
# Info: Optimizing partition '/ImageProcessing/ImageProcessing:core/ImageProcessing:core:fsm/ImageProcessing:core:fsm': (Total ops = 1, Real ops = 1, Vars = 1) (SOL-10)
# Info: Optimizing partition '/ImageProcessing': (Total ops = 106, Real ops = 47, Vars = 51) (SOL-10)
# Info: Optimizing partition '/ImageProcessing/ImageProcessing:core': (Total ops = 86, Real ops = 47, Vars = 37) (SOL-10)
# Info: Optimizing partition '/ImageProcessing/ImageProcessing:core/ImageProcessing:core:fsm': (Total ops = 5, Real ops = 2, Vars = 4) (SOL-10)
# Info: Optimizing partition '/ImageProcessing/ImageProcessing:core/ImageProcessing:core:fsm/ImageProcessing:core:fsm': (Total ops = 1, Real ops = 1, Vars = 1) (SOL-10)
# Info: Optimizing partition '/ImageProcessing': (Total ops = 106, Real ops = 47, Vars = 51) (SOL-10)
# Info: Optimizing partition '/ImageProcessing/ImageProcessing:core': (Total ops = 86, Real ops = 47, Vars = 37) (SOL-10)
# Info: Optimizing partition '/ImageProcessing/ImageProcessing:core/ImageProcessing:core:fsm': (Total ops = 5, Real ops = 2, Vars = 4) (SOL-10)
# Info: Optimizing partition '/ImageProcessing/ImageProcessing:core': (Total ops = 86, Real ops = 47, Vars = 37) (SOL-10)
# Info: Optimizing partition '/ImageProcessing': (Total ops = 106, Real ops = 47, Vars = 51) (SOL-10)
# Info: Optimizing partition '/ImageProcessing': (Total ops = 106, Real ops = 47, Vars = 51) (SOL-10)
# Info: Optimizing partition '/ImageProcessing/ImageProcessing:core': (Total ops = 86, Real ops = 47, Vars = 37) (SOL-10)
# Info: Optimizing partition '/ImageProcessing/ImageProcessing:core/ImageProcessing:core:fsm': (Total ops = 5, Real ops = 2, Vars = 4) (SOL-10)
# Info: Optimizing partition '/ImageProcessing/ImageProcessing:core/ImageProcessing:core:fsm/ImageProcessing:core:fsm': (Total ops = 1, Real ops = 1, Vars = 1) (SOL-10)
# Info: Optimizing partition '/ImageProcessing': (Total ops = 106, Real ops = 47, Vars = 51) (SOL-10)
# Info: Optimizing partition '/ImageProcessing/ImageProcessing:core': (Total ops = 86, Real ops = 47, Vars = 37) (SOL-10)
# Info: Optimizing partition '/ImageProcessing/ImageProcessing:core/ImageProcessing:core:fsm': (Total ops = 5, Real ops = 2, Vars = 4) (SOL-10)
# Info: Optimizing partition '/ImageProcessing/ImageProcessing:core/ImageProcessing:core:fsm/ImageProcessing:core:fsm': (Total ops = 1, Real ops = 1, Vars = 1) (SOL-10)
# Info: Completed transformation 'dpfsm' on solution 'ImageProcessing.v1': elapsed time 0.16 seconds, memory usage 167424kB, peak memory usage 186648kB (SOL-9)
# Info: Starting transformation 'extract' on solution 'ImageProcessing.v1' (SOL-8)
# Info: Optimizing partition '/ImageProcessing': (Total ops = 140, Real ops = 68, Vars = 128) (SOL-10)
# Info: Optimizing partition '/ImageProcessing/ImageProcessing:core': (Total ops = 120, Real ops = 68, Vars = 114) (SOL-10)
# Info: Optimizing partition '/ImageProcessing/ImageProcessing:core/ImageProcessing:core:fsm': (Total ops = 5, Real ops = 2, Vars = 4) (SOL-10)
# Info: Optimizing partition '/ImageProcessing/ImageProcessing:core/ImageProcessing:core:fsm/ImageProcessing:core:fsm': (Total ops = 1, Real ops = 1, Vars = 1) (SOL-10)
# Info: Optimizing partition '/ImageProcessing': (Total ops = 121, Real ops = 50, Vars = 53) (SOL-10)
# Info: Optimizing partition '/ImageProcessing/ImageProcessing:core': (Total ops = 101, Real ops = 50, Vars = 39) (SOL-10)
# Info: Optimizing partition '/ImageProcessing/ImageProcessing:core/ImageProcessing:core:fsm': (Total ops = 5, Real ops = 2, Vars = 4) (SOL-10)
# Info: Optimizing partition '/ImageProcessing/ImageProcessing:core/ImageProcessing:core:fsm/ImageProcessing:core:fsm': (Total ops = 1, Real ops = 1, Vars = 1) (SOL-10)
# Info: Optimizing partition '/ImageProcessing': (Total ops = 120, Real ops = 48, Vars = 50) (SOL-10)
# Info: Optimizing partition '/ImageProcessing/ImageProcessing:core': (Total ops = 100, Real ops = 48, Vars = 36) (SOL-10)
# Info: Optimizing partition '/ImageProcessing/ImageProcessing:core/ImageProcessing:core:fsm': (Total ops = 5, Real ops = 2, Vars = 4) (SOL-10)
# Info: Optimizing partition '/ImageProcessing/ImageProcessing:core': (Total ops = 100, Real ops = 48, Vars = 36) (SOL-10)
# Info: Optimizing partition '/ImageProcessing': (Total ops = 120, Real ops = 48, Vars = 50) (SOL-10)
# Info: Optimizing partition '/ImageProcessing': (Total ops = 120, Real ops = 48, Vars = 50) (SOL-10)
# Info: Optimizing partition '/ImageProcessing/ImageProcessing:core': (Total ops = 100, Real ops = 48, Vars = 36) (SOL-10)
# Info: Optimizing partition '/ImageProcessing/ImageProcessing:core/ImageProcessing:core:fsm': (Total ops = 5, Real ops = 2, Vars = 4) (SOL-10)
# Info: Optimizing partition '/ImageProcessing/ImageProcessing:core/ImageProcessing:core:fsm/ImageProcessing:core:fsm': (Total ops = 1, Real ops = 1, Vars = 1) (SOL-10)
# Info: Optimizing partition '/ImageProcessing': (Total ops = 120, Real ops = 48, Vars = 50) (SOL-10)
# Info: Optimizing partition '/ImageProcessing/ImageProcessing:core': (Total ops = 100, Real ops = 48, Vars = 36) (SOL-10)
# Info: Optimizing partition '/ImageProcessing/ImageProcessing:core/ImageProcessing:core:fsm': (Total ops = 5, Real ops = 2, Vars = 4) (SOL-10)
# Info: Optimizing partition '/ImageProcessing/ImageProcessing:core/ImageProcessing:core:fsm/ImageProcessing:core:fsm': (Total ops = 1, Real ops = 1, Vars = 1) (SOL-10)
# Info: Optimizing partition '/ImageProcessing': (Total ops = 153, Real ops = 65, Vars = 141) (SOL-10)
# Info: Optimizing partition '/ImageProcessing/ImageProcessing:core': (Total ops = 133, Real ops = 65, Vars = 127) (SOL-10)
# Info: Optimizing partition '/ImageProcessing/ImageProcessing:core/ImageProcessing:core:fsm': (Total ops = 5, Real ops = 2, Vars = 4) (SOL-10)
# Info: Optimizing partition '/ImageProcessing/ImageProcessing:core/ImageProcessing:core:fsm/ImageProcessing:core:fsm': (Total ops = 1, Real ops = 1, Vars = 1) (SOL-10)
# Netlist written to file 'schematic.nlv' (NET-4)
# Info: Optimizing partition '/ImageProcessing': (Total ops = 153, Real ops = 65, Vars = 141) (SOL-10)
# Info: Optimizing partition '/ImageProcessing/ImageProcessing:core': (Total ops = 133, Real ops = 65, Vars = 127) (SOL-10)
# Info: Optimizing partition '/ImageProcessing/ImageProcessing:core/ImageProcessing:core:fsm': (Total ops = 5, Real ops = 2, Vars = 4) (SOL-10)
# Info: Optimizing partition '/ImageProcessing/ImageProcessing:core/ImageProcessing:core:fsm/ImageProcessing:core:fsm': (Total ops = 1, Real ops = 1, Vars = 1) (SOL-10)
# Info: Optimizing partition '/ImageProcessing': (Total ops = 117, Real ops = 48, Vars = 50) (SOL-10)
# Info: Optimizing partition '/ImageProcessing/ImageProcessing:core': (Total ops = 97, Real ops = 48, Vars = 36) (SOL-10)
# Info: Optimizing partition '/ImageProcessing/ImageProcessing:core/ImageProcessing:core:fsm': (Total ops = 5, Real ops = 2, Vars = 4) (SOL-10)
# Info: Optimizing partition '/ImageProcessing/ImageProcessing:core/ImageProcessing:core:fsm/ImageProcessing:core:fsm': (Total ops = 1, Real ops = 1, Vars = 1) (SOL-10)
# Info: Optimizing partition '/ImageProcessing': (Total ops = 115, Real ops = 46, Vars = 49) (SOL-10)
# Info: Optimizing partition '/ImageProcessing/ImageProcessing:core': (Total ops = 95, Real ops = 46, Vars = 35) (SOL-10)
# Info: Optimizing partition '/ImageProcessing': (Total ops = 115, Real ops = 46, Vars = 49) (SOL-10)
# Info: Optimizing partition '/ImageProcessing/ImageProcessing:core': (Total ops = 95, Real ops = 46, Vars = 35) (SOL-10)
# Info: Optimizing partition '/ImageProcessing/ImageProcessing:core/ImageProcessing:core:fsm': (Total ops = 5, Real ops = 2, Vars = 4) (SOL-10)
# Info: Optimizing partition '/ImageProcessing/ImageProcessing:core/ImageProcessing:core:fsm/ImageProcessing:core:fsm': (Total ops = 1, Real ops = 1, Vars = 1) (SOL-10)
# Report written to file 'rtl.rpt'
# Netlist written to file 'rtl.v' (NET-4)
# generate concat
# order file name is: rtl.v_order.txt
# Add dependent file: ./rtl_mgc_ioport.v
# Add dependent file: ./rtl_mgc_ioport_v2001.v
# Add dependent file: ./rtl.v
# Finished writing concatenated file: //icnas2.cc.ic.ac.uk/apl115/RealFPGA/Project/ImageProcessingUnit/Catapult_6/ImageProcessing.v1/concat_rtl.v
# Synthesis timing script written to file './rtl.v.psr_timing'
# IO timing constraints written to synthesis script file
# Synthesis script written to file 'rtl.v.psr'
# Info: Completed transformation 'extract' on solution 'ImageProcessing.v1': elapsed time 1.70 seconds, memory usage 167760kB, peak memory usage 186648kB (SOL-9)
# File '$PROJECT_HOME/vga_mouse_square.c' saved
# Input file has changed
go new
solution file set {$PROJECT_HOME/vga_mouse_square.c} -updated
# Info: Branching solution 'solution.v1' at state 'new' (PRJ-2)
go analyze
# Info: Starting transformation 'analyze' on solution 'solution.v1' (SOL-8)
# Front End called with arguments: -- {\\icnas2.cc.ic.ac.uk\apl115\RealFPGA\Project\ImageProcessingUnit\vga_mouse_square.c} (CIN-69)
# Edison Design Group C++/C Front End - Version 3.10.1 (CIN-1)
# Source file analysis completed (CIN-68)
# Info: Completed transformation 'analyze' on solution 'solution.v1': elapsed time 0.75 seconds, memory usage 172556kB, peak memory usage 191788kB (SOL-9)
directive set -DESIGN_HIERARCHY redobject
# /DESIGN_HIERARCHY redobject
go extract
# Info: Starting transformation 'compile' on solution 'solution.v1' (SOL-8)
# Generating synthesis internal form... (CIN-3)
# $PROJECT_HOME/vga_mouse_square.c(52): Found top design routine 'redobject' specified by directive (CIN-52)
# $PROJECT_HOME/vga_mouse_square.c(52): Synthesizing routine 'redobject' (CIN-13)
# $PROJECT_HOME/vga_mouse_square.c(52): Inlining routine 'redobject' (CIN-14)
# Warning: $PROJECT_HOME/vga_mouse_square.c(72): Instantiating global variable 'findpixelred' which may be accessed outside this scope (CIN-18)
# Warning: $PROJECT_HOME/vga_mouse_square.c(84): Instantiating global variable 'redobjy' which may be accessed outside this scope (CIN-18)
# $PROJECT_HOME/vga_mouse_square.c(52): Optimizing block '/redobject' ... (CIN-4)
# $PROJECT_HOME/vga_mouse_square.c(52): Inout port 'vga_xy' is only used as an input. (OPT-10)
# $PROJECT_HOME/vga_mouse_square.c(52): Inout port 'video_in' is only used as an input. (OPT-10)
# $PROJECT_HOME/vga_mouse_square.c(52): Inout port 'player1y' is only used as an output. (OPT-11)
# Info: Optimizing partition '/redobject': (Total ops = 87, Real ops = 11, Vars = 32) (SOL-10)
# Info: Optimizing partition '/redobject/core': (Total ops = 87, Real ops = 11, Vars = 28) (SOL-10)
# Info: Optimizing partition '/redobject/core': (Total ops = 87, Real ops = 11, Vars = 28) (SOL-10)
# Info: Optimizing partition '/redobject': (Total ops = 87, Real ops = 11, Vars = 32) (SOL-10)
# Info: Optimizing partition '/redobject': (Total ops = 87, Real ops = 11, Vars = 32) (SOL-10)
# Info: Optimizing partition '/redobject/core': (Total ops = 87, Real ops = 11, Vars = 28) (SOL-10)
# Info: Optimizing partition '/redobject/core': (Total ops = 41, Real ops = 8, Vars = 10) (SOL-10)
# Info: Optimizing partition '/redobject/core': (Total ops = 41, Real ops = 8, Vars = 10) (SOL-10)
# Info: Optimizing partition '/redobject': (Total ops = 41, Real ops = 8, Vars = 14) (SOL-10)
# Info: Optimizing partition '/redobject': (Total ops = 41, Real ops = 8, Vars = 14) (SOL-10)
# Info: Optimizing partition '/redobject/core': (Total ops = 41, Real ops = 8, Vars = 10) (SOL-10)
# Info: Optimizing partition '/redobject/core': (Total ops = 26, Real ops = 6, Vars = 7) (SOL-10)
# Info: Optimizing partition '/redobject': (Total ops = 26, Real ops = 6, Vars = 11) (SOL-10)
# Info: Optimizing partition '/redobject/core': (Total ops = 26, Real ops = 6, Vars = 7) (SOL-10)
# Info: Optimizing partition '/redobject': (Total ops = 26, Real ops = 6, Vars = 11) (SOL-10)
# Info: Optimizing partition '/redobject': (Total ops = 26, Real ops = 6, Vars = 11) (SOL-10)
# Info: Optimizing partition '/redobject/core': (Total ops = 26, Real ops = 6, Vars = 7) (SOL-10)
# Info: Optimizing partition '/redobject/core': (Total ops = 30, Real ops = 8, Vars = 9) (SOL-10)
# Info: Optimizing partition '/redobject/core': (Total ops = 26, Real ops = 8, Vars = 9) (SOL-10)
# Info: Optimizing partition '/redobject/core': (Total ops = 26, Real ops = 8, Vars = 7) (SOL-10)
# Info: Optimizing partition '/redobject': (Total ops = 26, Real ops = 8, Vars = 11) (SOL-10)
# Info: Optimizing partition '/redobject': (Total ops = 26, Real ops = 8, Vars = 11) (SOL-10)
# Info: Optimizing partition '/redobject/core': (Total ops = 26, Real ops = 8, Vars = 7) (SOL-10)
# Design 'redobject' was read (SOL-1)
# Info: Completed transformation 'compile' on solution 'redobject.v1': elapsed time 0.58 seconds, memory usage 170916kB, peak memory usage 191788kB (SOL-9)
# Info: Starting transformation 'architect' on solution 'redobject.v1' (SOL-8)
# $PROJECT_HOME/vga_mouse_square.c(52): Loop '/redobject/core/main' is left rolled. (LOOP-4)
# $PROJECT_HOME/vga_mouse_square.c(52): I/O-Port inferred - resource 'VGA_VS:rsc' (from var: VGA_VS) mapped to 'mgc_ioport.mgc_in_wire' (size: 1). (MEM-2)
# $PROJECT_HOME/vga_mouse_square.c(52): I/O-Port inferred - resource 'vga_xy:rsc' (from var: vga_xy) mapped to 'mgc_ioport.mgc_in_wire' (size: 20). (MEM-2)
# $PROJECT_HOME/vga_mouse_square.c(52): I/O-Port inferred - resource 'video_in:rsc' (from var: video_in) mapped to 'mgc_ioport.mgc_in_wire' (size: 30). (MEM-2)
# $PROJECT_HOME/vga_mouse_square.c(52): I/O-Port inferred - resource 'player1y:rsc' (from var: player1y) mapped to 'mgc_ioport.mgc_out_stdreg' (size: 10). (MEM-2)
# Info: Optimizing partition '/redobject': (Total ops = 32, Real ops = 9, Vars = 13) (SOL-10)
# Info: Optimizing partition '/redobject/core': (Total ops = 32, Real ops = 9, Vars = 7) (SOL-10)
# Info: Optimizing partition '/redobject/core': (Total ops = 35, Real ops = 9, Vars = 9) (SOL-10)
# Info: Optimizing partition '/redobject/core': (Total ops = 30, Real ops = 9, Vars = 6) (SOL-10)
# Info: Optimizing partition '/redobject/core': (Total ops = 29, Real ops = 9, Vars = 6) (SOL-10)
# Info: Optimizing partition '/redobject': (Total ops = 29, Real ops = 9, Vars = 12) (SOL-10)
# Info: Optimizing partition '/redobject': (Total ops = 29, Real ops = 9, Vars = 12) (SOL-10)
# Info: Optimizing partition '/redobject/core': (Total ops = 29, Real ops = 9, Vars = 6) (SOL-10)
# Info: Optimizing partition '/redobject/core': (Total ops = 102, Real ops = 20, Vars = 51) (SOL-10)
# Info: Optimizing partition '/redobject/core': (Total ops = 35, Real ops = 18, Vars = 11) (SOL-10)
# Info: Optimizing partition '/redobject/core': (Total ops = 35, Real ops = 18, Vars = 10) (SOL-10)
# Design 'redobject' contains '18' real operations. (SOL-11)
# Info: Completed transformation 'architect' on solution 'redobject.v1': elapsed time 1.23 seconds, memory usage 171196kB, peak memory usage 191788kB (SOL-9)
# Info: Starting transformation 'allocate' on solution 'redobject.v1' (SOL-8)
# Performing concurrent resource allocation and scheduling on '/redobject/core' (CRAAS-1)
# Info: Select qualified components for data operations ... (CRAAS-3)
# Info: Apply resource constraints on data operations ... (CRAAS-4)
# $PROJECT_HOME/vga_mouse_square.c(52): Prescheduled LOOP 'main' (2 c-steps) (SCHD-7)
# $PROJECT_HOME/vga_mouse_square.c(52): Prescheduled LOOP 'core:rlp' (0 c-steps) (SCHD-7)
# $PROJECT_HOME/vga_mouse_square.c(52): Prescheduled SEQUENTIAL 'core' (total length 2 c-steps) (SCHD-8)
# Info: Initial schedule of SEQUENTIAL 'core': Latency = 1, Area (Datapath, Register, Total) = 61.89, 0.00, 61.89 (CRAAS-11)
# At least one feasible schedule exists. (CRAAS-9)
# Info: Final schedule of SEQUENTIAL 'core': Latency = 1, Area (Datapath, Register, Total) = 61.89, 0.00, 61.89 (CRAAS-12)
# Resource allocation and scheduling done. (CRAAS-2)
# Netlist written to file 'schedule.gnt' (NET-4)
# Info: Completed transformation 'allocate' on solution 'redobject.v1': elapsed time 0.05 seconds, memory usage 172020kB, peak memory usage 191788kB (SOL-9)
# Info: Starting transformation 'schedule' on solution 'redobject.v1' (SOL-8)
# Performing concurrent resource allocation and scheduling on '/redobject/core' (CRAAS-1)
# Global signal 'VGA_VS:rsc.z' added to design 'redobject' for component 'VGA_VS:rsc:mgc_in_wire' (LIB-3)
# Global signal 'vga_xy:rsc.z' added to design 'redobject' for component 'vga_xy:rsc:mgc_in_wire' (LIB-3)
# Global signal 'video_in:rsc.z' added to design 'redobject' for component 'video_in:rsc:mgc_in_wire' (LIB-3)
# Global signal 'player1y:rsc.z' added to design 'redobject' for component 'player1y:rsc:mgc_out_stdreg' (LIB-3)
# Info: Optimizing partition '/redobject': (Total ops = 62, Real ops = 19, Vars = 30) (SOL-10)
# Info: Optimizing partition '/redobject/redobject:core': (Total ops = 47, Real ops = 18, Vars = 19) (SOL-10)
# Info: Optimizing partition '/redobject/redobject:core/core': (Total ops = 41, Real ops = 18, Vars = 13) (SOL-10)
# Info: Optimizing partition '/redobject/redobject:core/core': (Total ops = 32, Real ops = 18, Vars = 10) (SOL-10)
# Info: Optimizing partition '/redobject': (Total ops = 52, Real ops = 18, Vars = 26) (SOL-10)
# Info: Optimizing partition '/redobject/redobject:core': (Total ops = 38, Real ops = 18, Vars = 16) (SOL-10)
# Info: Optimizing partition '/redobject/redobject:core/core': (Total ops = 32, Real ops = 18, Vars = 10) (SOL-10)
# Info: Optimizing partition '/redobject': (Total ops = 52, Real ops = 18, Vars = 26) (SOL-10)
# Info: Optimizing partition '/redobject/redobject:core': (Total ops = 38, Real ops = 18, Vars = 16) (SOL-10)
# Report written to file 'cycle.rpt'
# Netlist written to file 'cycle.v' (NET-4)
# Info: Completed transformation 'schedule' on solution 'redobject.v1': elapsed time 0.55 seconds, memory usage 173004kB, peak memory usage 191788kB (SOL-9)
# Info: Starting transformation 'dpfsm' on solution 'redobject.v1' (SOL-8)
# Performing FSM extraction... (FSM-1)
# Info: Optimizing partition '/redobject': (Total ops = 109, Real ops = 51, Vars = 96) (SOL-10)
# Info: Optimizing partition '/redobject/redobject:core': (Total ops = 95, Real ops = 51, Vars = 86) (SOL-10)
# Info: Optimizing partition '/redobject/redobject:core/redobject:core:fsm': (Total ops = 5, Real ops = 2, Vars = 13) (SOL-10)
# Info: Optimizing partition '/redobject/redobject:core/redobject:core:fsm/redobject:core:fsm': (Total ops = 1, Real ops = 1, Vars = 1) (SOL-10)
# Info: Optimizing partition '/redobject': (Total ops = 64, Real ops = 17, Vars = 29) (SOL-10)
# Info: Optimizing partition '/redobject/redobject:core': (Total ops = 50, Real ops = 17, Vars = 19) (SOL-10)
# Info: Optimizing partition '/redobject/redobject:core/redobject:core:fsm': (Total ops = 5, Real ops = 2, Vars = 4) (SOL-10)
# Info: Optimizing partition '/redobject/redobject:core/redobject:core:fsm/redobject:core:fsm': (Total ops = 1, Real ops = 1, Vars = 1) (SOL-10)
# Info: Optimizing partition '/redobject': (Total ops = 54, Real ops = 17, Vars = 30) (SOL-10)
# Info: Optimizing partition '/redobject/redobject:core': (Total ops = 40, Real ops = 17, Vars = 20) (SOL-10)
# Info: Optimizing partition '/redobject/redobject:core/redobject:core:fsm': (Total ops = 5, Real ops = 2, Vars = 4) (SOL-10)
# Info: Optimizing partition '/redobject/redobject:core/redobject:core:fsm/redobject:core:fsm': (Total ops = 1, Real ops = 1, Vars = 1) (SOL-10)
# Info: Optimizing partition '/redobject': (Total ops = 54, Real ops = 17, Vars = 30) (SOL-10)
# Info: Optimizing partition '/redobject/redobject:core': (Total ops = 40, Real ops = 17, Vars = 20) (SOL-10)
# Info: Optimizing partition '/redobject/redobject:core/redobject:core:fsm': (Total ops = 5, Real ops = 2, Vars = 4) (SOL-10)
# Info: Optimizing partition '/redobject/redobject:core': (Total ops = 40, Real ops = 17, Vars = 20) (SOL-10)
# Info: Optimizing partition '/redobject': (Total ops = 54, Real ops = 17, Vars = 30) (SOL-10)
# Info: Optimizing partition '/redobject': (Total ops = 54, Real ops = 17, Vars = 30) (SOL-10)
# Info: Optimizing partition '/redobject/redobject:core': (Total ops = 40, Real ops = 17, Vars = 20) (SOL-10)
# Info: Optimizing partition '/redobject/redobject:core/redobject:core:fsm': (Total ops = 5, Real ops = 2, Vars = 4) (SOL-10)
# Info: Optimizing partition '/redobject/redobject:core/redobject:core:fsm/redobject:core:fsm': (Total ops = 1, Real ops = 1, Vars = 1) (SOL-10)
# Info: Optimizing partition '/redobject': (Total ops = 54, Real ops = 17, Vars = 30) (SOL-10)
# Info: Optimizing partition '/redobject/redobject:core': (Total ops = 40, Real ops = 17, Vars = 20) (SOL-10)
# Info: Optimizing partition '/redobject/redobject:core/redobject:core:fsm': (Total ops = 5, Real ops = 2, Vars = 4) (SOL-10)
# Info: Optimizing partition '/redobject/redobject:core/redobject:core:fsm/redobject:core:fsm': (Total ops = 1, Real ops = 1, Vars = 1) (SOL-10)
# Info: Completed transformation 'dpfsm' on solution 'redobject.v1': elapsed time 0.14 seconds, memory usage 173004kB, peak memory usage 191788kB (SOL-9)
# Info: Starting transformation 'extract' on solution 'redobject.v1' (SOL-8)
# Info: Optimizing partition '/redobject': (Total ops = 70, Real ops = 28, Vars = 62) (SOL-10)
# Info: Optimizing partition '/redobject/redobject:core': (Total ops = 56, Real ops = 28, Vars = 52) (SOL-10)
# Info: Optimizing partition '/redobject/redobject:core/redobject:core:fsm': (Total ops = 5, Real ops = 2, Vars = 4) (SOL-10)
# Info: Optimizing partition '/redobject/redobject:core/redobject:core:fsm/redobject:core:fsm': (Total ops = 1, Real ops = 1, Vars = 1) (SOL-10)
# Info: Optimizing partition '/redobject': (Total ops = 57, Real ops = 20, Vars = 32) (SOL-10)
# Info: Optimizing partition '/redobject/redobject:core': (Total ops = 43, Real ops = 20, Vars = 22) (SOL-10)
# Info: Optimizing partition '/redobject/redobject:core/redobject:core:fsm': (Total ops = 5, Real ops = 2, Vars = 4) (SOL-10)
# Info: Optimizing partition '/redobject/redobject:core/redobject:core:fsm/redobject:core:fsm': (Total ops = 1, Real ops = 1, Vars = 1) (SOL-10)
# Info: Optimizing partition '/redobject': (Total ops = 56, Real ops = 18, Vars = 29) (SOL-10)
# Info: Optimizing partition '/redobject/redobject:core': (Total ops = 42, Real ops = 18, Vars = 19) (SOL-10)
# Info: Optimizing partition '/redobject/redobject:core/redobject:core:fsm': (Total ops = 5, Real ops = 2, Vars = 4) (SOL-10)
# Info: Optimizing partition '/redobject/redobject:core': (Total ops = 42, Real ops = 18, Vars = 19) (SOL-10)
# Info: Optimizing partition '/redobject': (Total ops = 56, Real ops = 18, Vars = 29) (SOL-10)
# Info: Optimizing partition '/redobject': (Total ops = 56, Real ops = 18, Vars = 29) (SOL-10)
# Info: Optimizing partition '/redobject/redobject:core': (Total ops = 42, Real ops = 18, Vars = 19) (SOL-10)
# Info: Optimizing partition '/redobject/redobject:core/redobject:core:fsm': (Total ops = 5, Real ops = 2, Vars = 4) (SOL-10)
# Info: Optimizing partition '/redobject/redobject:core/redobject:core:fsm/redobject:core:fsm': (Total ops = 1, Real ops = 1, Vars = 1) (SOL-10)
# Info: Optimizing partition '/redobject': (Total ops = 56, Real ops = 18, Vars = 29) (SOL-10)
# Info: Optimizing partition '/redobject/redobject:core': (Total ops = 42, Real ops = 18, Vars = 19) (SOL-10)
# Info: Optimizing partition '/redobject/redobject:core/redobject:core:fsm': (Total ops = 5, Real ops = 2, Vars = 4) (SOL-10)
# Info: Optimizing partition '/redobject/redobject:core/redobject:core:fsm/redobject:core:fsm': (Total ops = 1, Real ops = 1, Vars = 1) (SOL-10)
# Info: Optimizing partition '/redobject': (Total ops = 73, Real ops = 26, Vars = 65) (SOL-10)
# Info: Optimizing partition '/redobject/redobject:core': (Total ops = 59, Real ops = 26, Vars = 55) (SOL-10)
# Info: Optimizing partition '/redobject/redobject:core/redobject:core:fsm': (Total ops = 5, Real ops = 2, Vars = 4) (SOL-10)
# Info: Optimizing partition '/redobject/redobject:core/redobject:core:fsm/redobject:core:fsm': (Total ops = 1, Real ops = 1, Vars = 1) (SOL-10)
# Netlist written to file 'schematic.nlv' (NET-4)
# Info: Optimizing partition '/redobject': (Total ops = 73, Real ops = 26, Vars = 65) (SOL-10)
# Info: Optimizing partition '/redobject/redobject:core': (Total ops = 59, Real ops = 26, Vars = 55) (SOL-10)
# Info: Optimizing partition '/redobject/redobject:core/redobject:core:fsm': (Total ops = 5, Real ops = 2, Vars = 4) (SOL-10)
# Info: Optimizing partition '/redobject/redobject:core/redobject:core:fsm/redobject:core:fsm': (Total ops = 1, Real ops = 1, Vars = 1) (SOL-10)
# Info: Optimizing partition '/redobject': (Total ops = 56, Real ops = 18, Vars = 29) (SOL-10)
# Info: Optimizing partition '/redobject/redobject:core': (Total ops = 42, Real ops = 18, Vars = 19) (SOL-10)
# Info: Optimizing partition '/redobject': (Total ops = 56, Real ops = 18, Vars = 29) (SOL-10)
# Info: Optimizing partition '/redobject/redobject:core': (Total ops = 42, Real ops = 18, Vars = 19) (SOL-10)
# Info: Optimizing partition '/redobject/redobject:core/redobject:core:fsm': (Total ops = 5, Real ops = 2, Vars = 4) (SOL-10)
# Info: Optimizing partition '/redobject/redobject:core/redobject:core:fsm/redobject:core:fsm': (Total ops = 1, Real ops = 1, Vars = 1) (SOL-10)
# Report written to file 'rtl.rpt'
# Netlist written to file 'rtl.v' (NET-4)
# generate concat
# order file name is: rtl.v_order.txt
# Add dependent file: ./rtl_mgc_ioport.v
# Add dependent file: ./rtl_mgc_ioport_v2001.v
# Add dependent file: ./rtl.v
# Finished writing concatenated file: //icnas2.cc.ic.ac.uk/apl115/RealFPGA/Project/ImageProcessingUnit/Catapult_6/redobject.v1/concat_rtl.v
# Synthesis timing script written to file './rtl.v.psr_timing'
# IO timing constraints written to synthesis script file
# Synthesis script written to file 'rtl.v.psr'
# Info: Completed transformation 'extract' on solution 'redobject.v1': elapsed time 1.45 seconds, memory usage 173172kB, peak memory usage 191788kB (SOL-9)
