-- Catapult University Version: Report                                              
-- ---------------------------- ---------------------------------------------------
-- Version:                     2011a.126 Production Release                        
-- Build Date:                  Wed Aug  8 00:52:07 PDT 2012                        
                                                                                    
-- Generated by:                apl115@EEWS104A-017                                 
-- Generated date:              Tue May 10 14:05:01 +0100 2016                      

Solution Settings: redobject.v1
  Current state: extract
  Project: Catapult
  
  Design Input Files Specified
    $PROJECT_HOME/vga_mouse_square.c
      $MGC_HOME/shared/include/ac_int.h
  
  Processes/Blocks in Design
    Process         Real Operation(s) count Latency Throughput Reset Length II Comments 
    --------------- ----------------------- ------- ---------- ------------ -- --------
    /redobject/core                      21       1          2            0  0          
    Design Total:                        21       1          2            0  0          
    
  Bill Of Materials (Datapath)
    Component Name                          Area Score Area(LUTs) Delay Post Alloc Post Assign 
    --------------------------------------- ---------- ---------- ----- ---------- -----------
    [Lib: mgc_Altera-Cyclone-III-6_beh_psr]                                                    
    mgc_add(10,0,7,1,10)                        11.000     11.000 1.307          1           1 
    mgc_add(11,0,10,1,11)                       12.000     12.000 1.370          1           1 
    mgc_add(11,0,11,0,11)                       12.233     12.233 1.368          1           1 
    mgc_add(7,0,6,0,7)                           8.271      8.271 1.093          1           1 
    mgc_and(1,2)                                 0.730      0.730 0.263          0           1 
    mgc_and(1,3)                                 1.054      1.054 0.416          0           1 
    mgc_and(1,4)                                 1.379      1.379 0.525          0           1 
    mgc_mux(1,1,2)                               0.919      0.919 0.369          0           1 
    mgc_mux(10,1,2)                              9.194      9.194 0.369          2           1 
    mgc_mux1hot(10,3)                           21.896     21.896 0.773          0           1 
    mgc_nor(1,3)                                 1.054      1.054 0.416          0           2 
    mgc_not(1)                                   0.000      0.000 0.000          0           3 
    mgc_not(10)                                  0.000      0.000 0.000          0           2 
    mgc_or(1,2)                                  0.730      0.730 0.268          0           2 
    mgc_or(1,3)                                  1.054      1.054 0.425          0           1 
    mgc_or(1,4)                                  1.379      1.379 0.536          0           1 
    mgc_reg_pos(1,0,0,1,1,0,0)                   0.000      0.000 0.000          0           1 
    mgc_reg_pos(10,0,0,1,1,0,0)                  0.000      0.000 0.000          0           2 
    [Lib: mgc_ioport]                                                                          
    mgc_in_wire(1,1)                             0.000      0.000 0.000          1           1 
    mgc_in_wire(2,20)                            0.000      0.000 0.000          1           1 
    mgc_in_wire(3,30)                            0.000      0.000 0.000          1           1 
    mgc_out_stdreg(4,10)                         0.000      0.000 0.000          1           1 
                                                                                               
    TOTAL AREA (After Assignment):              84.679     85.000                              
    
  Area Scores
                      Post-Scheduling Post-DP & FSM Post-Assignment 
    ----------------- --------------- ------------- ---------------
    Total Area Score:     61.9         111.7            84.7        
    Total Reg:             0.0           0.0             0.0        
                                                                    
    DataPath:             61.9 (100%)  111.7 (100%)     84.7 (100%) 
      MUX:                18.4  (30%)   59.4  (53%)     32.0  (38%) 
      FUNC:               43.5  (70%)   43.5  (39%)     43.5  (51%) 
      LOGIC:               0.0           8.8   (8%)      9.2  (11%) 
      BUFFER:              0.0           0.0             0.0        
      MEM:                 0.0           0.0             0.0        
      ROM:                 0.0           0.0             0.0        
      REG:                 0.0           0.0             0.0        
                                                                    
    
    FSM:                   0.0           0.0             0.0        
      FSM-REG:             0.0           0.0             0.0        
      FSM-COMB:            0.0           0.0             0.0        
                                                                    
    
  Register-to-Variable Mappings
    Register                      Size(bits) Gated Register CG Opt Done Variables                                             
    ----------------------------- ---------- -------------- ----------- -----------------------------------------------------
    player1y:rsc:mgc_out_stdreg.d         10                            player1y:rsc:mgc_out_stdreg.d                         
    redobjy.sva                           10                            redobjy.sva                                           
    findpixelred.sva                       1                            findpixelred.sva                                      
                                                                                                                              
    Total:                                21              0           0 (Total Gating Ratio: 0.00, CG Opt Gating Ratio: 0.00) 
    
  Timing Report
    Critical Path
      Max Delay:  3.0843689999999997
      Slack:      16.915631
      
      Path                                                   Startpoint                                Endpoint                                          Delay  Slack   
      ------------------------------------------------------ ----------------------------------------- ------------------------------------------------- ------ -------
      1                                                      redobject:core/video_in:rsc:mgc_in_wire.d redobject:core/reg(player1y:rsc:mgc_out_stdreg.d) 3.0844 16.9156 
                                                                                                                                                                        
        Instance                                             Component                                                                                   Delta  Delay   
        --------                                             ---------                                                                                   -----  -----   
        redobject:core/video_in:rsc:mgc_in_wire.d                                                                                                        0.0000 0.0000  
        redobject:core/slc(video_in:rsc:mgc_in_wire.d)                                                                                                   0.0000 0.0000  
        redobject:core/slc(video_in:rsc:mgc_in_wire.d).itm                                                                                               0.0000 0.0000  
        redobject:core/aif#1:not#1                           mgc_not_10                                                                                  0.0000 0.0000  
        redobject:core/aif#1:not#1.itm                                                                                                                   0.0000 0.0000  
        redobject:core/conc                                                                                                                              0.0000 0.0000  
        redobject:core/conc.itm                                                                                                                          0.0000 0.0000  
        redobject:core/aif#1:acc                             mgc_add_11_0_10_1_11                                                                        1.3701 1.3701  
        redobject:core/aif#1:acc.itm                                                                                                                     0.0000 1.3701  
        redobject:core/aif#1:slc#2                                                                                                                       0.0000 1.3701  
        redobject:core/aif#1:slc#2.itm                                                                                                                   0.0000 1.3701  
        redobject:core/nor                                   mgc_nor_1_3                                                                                 0.4161 1.7862  
        redobject:core/nor.cse                                                                                                                           0.0000 1.7862  
        redobject:core/and#12                                mgc_and_1_4                                                                                 0.5250 2.3112  
        redobject:core/and#12.itm                                                                                                                        0.0000 2.3112  
        redobject:core/mux1h                                 mgc_mux1hot_10_3                                                                            0.7732 3.0844  
        redobject:core/mux1h.itm                                                                                                                         0.0000 3.0844  
        redobject:core/reg(player1y:rsc:mgc_out_stdreg.d)    mgc_reg_pos_10_0_0_1_1_0_0                                                                  0.0000 3.0844  
                                                                                                                                                                        
      2                                                      redobject:core/video_in:rsc:mgc_in_wire.d redobject:core/reg(player1y:rsc:mgc_out_stdreg.d) 3.0827 16.9173 
                                                                                                                                                                        
        Instance                                             Component                                                                                   Delta  Delay   
        --------                                             ---------                                                                                   -----  -----   
        redobject:core/video_in:rsc:mgc_in_wire.d                                                                                                        0.0000 0.0000  
        redobject:core/slc(video_in:rsc:mgc_in_wire.d)#1                                                                                                 0.0000 0.0000  
        redobject:core/slc(video_in:rsc:mgc_in_wire.d)#1.itm                                                                                             0.0000 0.0000  
        redobject:core/aif:not#1                             mgc_not_10                                                                                  0.0000 0.0000  
        redobject:core/aif:not#1.itm                                                                                                                     0.0000 0.0000  
        redobject:core/conc#3                                                                                                                            0.0000 0.0000  
        redobject:core/conc#3.itm                                                                                                                        0.0000 0.0000  
        redobject:core/aif:acc                               mgc_add_11_0_11_0_11                                                                        1.3684 1.3684  
        redobject:core/aif:acc.itm                                                                                                                       0.0000 1.3684  
        redobject:core/aif:slc#2                                                                                                                         0.0000 1.3684  
        redobject:core/aif:slc#2.itm                                                                                                                     0.0000 1.3684  
        redobject:core/nor                                   mgc_nor_1_3                                                                                 0.4161 1.7845  
        redobject:core/nor.cse                                                                                                                           0.0000 1.7845  
        redobject:core/and#12                                mgc_and_1_4                                                                                 0.5250 2.3095  
        redobject:core/and#12.itm                                                                                                                        0.0000 2.3095  
        redobject:core/mux1h                                 mgc_mux1hot_10_3                                                                            0.7732 3.0827  
        redobject:core/mux1h.itm                                                                                                                         0.0000 3.0827  
        redobject:core/reg(player1y:rsc:mgc_out_stdreg.d)    mgc_reg_pos_10_0_0_1_1_0_0                                                                  0.0000 3.0827  
                                                                                                                                                                        
      3                                                      redobject:core/video_in:rsc:mgc_in_wire.d redobject:core/reg(player1y:rsc:mgc_out_stdreg.d) 2.9754 17.0246 
                                                                                                                                                                        
        Instance                                             Component                                                                                   Delta  Delay   
        --------                                             ---------                                                                                   -----  -----   
        redobject:core/video_in:rsc:mgc_in_wire.d                                                                                                        0.0000 0.0000  
        redobject:core/slc(video_in:rsc:mgc_in_wire.d)                                                                                                   0.0000 0.0000  
        redobject:core/slc(video_in:rsc:mgc_in_wire.d).itm                                                                                               0.0000 0.0000  
        redobject:core/aif#1:not#1                           mgc_not_10                                                                                  0.0000 0.0000  
        redobject:core/aif#1:not#1.itm                                                                                                                   0.0000 0.0000  
        redobject:core/conc                                                                                                                              0.0000 0.0000  
        redobject:core/conc.itm                                                                                                                          0.0000 0.0000  
        redobject:core/aif#1:acc                             mgc_add_11_0_10_1_11                                                                        1.3701 1.3701  
        redobject:core/aif#1:acc.itm                                                                                                                     0.0000 1.3701  
        redobject:core/aif#1:slc#2                                                                                                                       0.0000 1.3701  
        redobject:core/aif#1:slc#2.itm                                                                                                                   0.0000 1.3701  
        redobject:core/nor                                   mgc_nor_1_3                                                                                 0.4161 1.7862  
        redobject:core/nor.cse                                                                                                                           0.0000 1.7862  
        redobject:core/and#7                                 mgc_and_1_3                                                                                 0.4161 2.2023  
        redobject:core/and#7.itm                                                                                                                         0.0000 2.2023  
        redobject:core/mux1h                                 mgc_mux1hot_10_3                                                                            0.7732 2.9754  
        redobject:core/mux1h.itm                                                                                                                         0.0000 2.9754  
        redobject:core/reg(player1y:rsc:mgc_out_stdreg.d)    mgc_reg_pos_10_0_0_1_1_0_0                                                                  0.0000 2.9754  
                                                                                                                                                                        
      4                                                      redobject:core/video_in:rsc:mgc_in_wire.d redobject:core/reg(player1y:rsc:mgc_out_stdreg.d) 2.9737 17.0263 
                                                                                                                                                                        
        Instance                                             Component                                                                                   Delta  Delay   
        --------                                             ---------                                                                                   -----  -----   
        redobject:core/video_in:rsc:mgc_in_wire.d                                                                                                        0.0000 0.0000  
        redobject:core/slc(video_in:rsc:mgc_in_wire.d)#1                                                                                                 0.0000 0.0000  
        redobject:core/slc(video_in:rsc:mgc_in_wire.d)#1.itm                                                                                             0.0000 0.0000  
        redobject:core/aif:not#1                             mgc_not_10                                                                                  0.0000 0.0000  
        redobject:core/aif:not#1.itm                                                                                                                     0.0000 0.0000  
        redobject:core/conc#3                                                                                                                            0.0000 0.0000  
        redobject:core/conc#3.itm                                                                                                                        0.0000 0.0000  
        redobject:core/aif:acc                               mgc_add_11_0_11_0_11                                                                        1.3684 1.3684  
        redobject:core/aif:acc.itm                                                                                                                       0.0000 1.3684  
        redobject:core/aif:slc#2                                                                                                                         0.0000 1.3684  
        redobject:core/aif:slc#2.itm                                                                                                                     0.0000 1.3684  
        redobject:core/nor                                   mgc_nor_1_3                                                                                 0.4161 1.7845  
        redobject:core/nor.cse                                                                                                                           0.0000 1.7845  
        redobject:core/and#7                                 mgc_and_1_3                                                                                 0.4161 2.2005  
        redobject:core/and#7.itm                                                                                                                         0.0000 2.2005  
        redobject:core/mux1h                                 mgc_mux1hot_10_3                                                                            0.7732 2.9737  
        redobject:core/mux1h.itm                                                                                                                         0.0000 2.9737  
        redobject:core/reg(player1y:rsc:mgc_out_stdreg.d)    mgc_reg_pos_10_0_0_1_1_0_0                                                                  0.0000 2.9737  
                                                                                                                                                                        
      5                                                      redobject:core/video_in:rsc:mgc_in_wire.d redobject:core/reg(player1y:rsc:mgc_out_stdreg.d) 2.6984 17.3016 
                                                                                                                                                                        
        Instance                                             Component                                                                                   Delta  Delay   
        --------                                             ---------                                                                                   -----  -----   
        redobject:core/video_in:rsc:mgc_in_wire.d                                                                                                        0.0000 0.0000  
        redobject:core/slc(video_in:rsc:mgc_in_wire.d)#2                                                                                                 0.0000 0.0000  
        redobject:core/slc(video_in:rsc:mgc_in_wire.d)#2.itm                                                                                             0.0000 0.0000  
        redobject:core/if#1:acc                              mgc_add_7_0_6_0_7                                                                           1.0931 1.0931  
        redobject:core/if#1:acc.itm                                                                                                                      0.0000 1.0931  
        redobject:core/slc#5                                                                                                                             0.0000 1.0931  
        redobject:core/slc#5.itm                                                                                                                         0.0000 1.0931  
        redobject:core/nor                                   mgc_nor_1_3                                                                                 0.4161 1.5091  
        redobject:core/nor.cse                                                                                                                           0.0000 1.5091  
        redobject:core/and#7                                 mgc_and_1_3                                                                                 0.4161 1.9252  
        redobject:core/and#7.itm                                                                                                                         0.0000 1.9252  
        redobject:core/mux1h                                 mgc_mux1hot_10_3                                                                            0.7732 2.6984  
        redobject:core/mux1h.itm                                                                                                                         0.0000 2.6984  
        redobject:core/reg(player1y:rsc:mgc_out_stdreg.d)    mgc_reg_pos_10_0_0_1_1_0_0                                                                  0.0000 2.6984  
                                                                                                                                                                        
      6                                                      redobject:core/video_in:rsc:mgc_in_wire.d redobject:core/reg(player1y:rsc:mgc_out_stdreg.d) 2.6790 17.3210 
                                                                                                                                                                        
        Instance                                             Component                                                                                   Delta  Delay   
        --------                                             ---------                                                                                   -----  -----   
        redobject:core/video_in:rsc:mgc_in_wire.d                                                                                                        0.0000 0.0000  
        redobject:core/slc(video_in:rsc:mgc_in_wire.d)                                                                                                   0.0000 0.0000  
        redobject:core/slc(video_in:rsc:mgc_in_wire.d).itm                                                                                               0.0000 0.0000  
        redobject:core/aif#1:not#1                           mgc_not_10                                                                                  0.0000 0.0000  
        redobject:core/aif#1:not#1.itm                                                                                                                   0.0000 0.0000  
        redobject:core/conc                                                                                                                              0.0000 0.0000  
        redobject:core/conc.itm                                                                                                                          0.0000 0.0000  
        redobject:core/aif#1:acc                             mgc_add_11_0_10_1_11                                                                        1.3701 1.3701  
        redobject:core/aif#1:acc.itm                                                                                                                     0.0000 1.3701  
        redobject:core/aif#1:slc#1                                                                                                                       0.0000 1.3701  
        redobject:core/aif#1:slc#1.itm                                                                                                                   0.0000 1.3701  
        redobject:core/or#5                                  mgc_or_1_4                                                                                  0.5358 1.9059  
        redobject:core/or#5.itm                                                                                                                          0.0000 1.9059  
        redobject:core/mux1h                                 mgc_mux1hot_10_3                                                                            0.7732 2.6790  
        redobject:core/mux1h.itm                                                                                                                         0.0000 2.6790  
        redobject:core/reg(player1y:rsc:mgc_out_stdreg.d)    mgc_reg_pos_10_0_0_1_1_0_0                                                                  0.0000 2.6790  
                                                                                                                                                                        
      7                                                      redobject:core/video_in:rsc:mgc_in_wire.d redobject:core/reg(player1y:rsc:mgc_out_stdreg.d) 2.6773 17.3227 
                                                                                                                                                                        
        Instance                                             Component                                                                                   Delta  Delay   
        --------                                             ---------                                                                                   -----  -----   
        redobject:core/video_in:rsc:mgc_in_wire.d                                                                                                        0.0000 0.0000  
        redobject:core/slc(video_in:rsc:mgc_in_wire.d)#1                                                                                                 0.0000 0.0000  
        redobject:core/slc(video_in:rsc:mgc_in_wire.d)#1.itm                                                                                             0.0000 0.0000  
        redobject:core/aif:not#1                             mgc_not_10                                                                                  0.0000 0.0000  
        redobject:core/aif:not#1.itm                                                                                                                     0.0000 0.0000  
        redobject:core/conc#3                                                                                                                            0.0000 0.0000  
        redobject:core/conc#3.itm                                                                                                                        0.0000 0.0000  
        redobject:core/aif:acc                               mgc_add_11_0_11_0_11                                                                        1.3684 1.3684  
        redobject:core/aif:acc.itm                                                                                                                       0.0000 1.3684  
        redobject:core/aif:slc#1                                                                                                                         0.0000 1.3684  
        redobject:core/aif:slc#1.itm                                                                                                                     0.0000 1.3684  
        redobject:core/or#5                                  mgc_or_1_4                                                                                  0.5358 1.9042  
        redobject:core/or#5.itm                                                                                                                          0.0000 1.9042  
        redobject:core/mux1h                                 mgc_mux1hot_10_3                                                                            0.7732 2.6773  
        redobject:core/mux1h.itm                                                                                                                         0.0000 2.6773  
        redobject:core/reg(player1y:rsc:mgc_out_stdreg.d)    mgc_reg_pos_10_0_0_1_1_0_0                                                                  0.0000 2.6773  
                                                                                                                                                                        
      8                                                      redobject:core/video_in:rsc:mgc_in_wire.d redobject:core/reg(findpixelred.sva)              2.4262 17.5738 
                                                                                                                                                                        
        Instance                                             Component                                                                                   Delta  Delay   
        --------                                             ---------                                                                                   -----  -----   
        redobject:core/video_in:rsc:mgc_in_wire.d                                                                                                        0.0000 0.0000  
        redobject:core/slc(video_in:rsc:mgc_in_wire.d)                                                                                                   0.0000 0.0000  
        redobject:core/slc(video_in:rsc:mgc_in_wire.d).itm                                                                                               0.0000 0.0000  
        redobject:core/aif#1:not#1                           mgc_not_10                                                                                  0.0000 0.0000  
        redobject:core/aif#1:not#1.itm                                                                                                                   0.0000 0.0000  
        redobject:core/conc                                                                                                                              0.0000 0.0000  
        redobject:core/conc.itm                                                                                                                          0.0000 0.0000  
        redobject:core/aif#1:acc                             mgc_add_11_0_10_1_11                                                                        1.3701 1.3701  
        redobject:core/aif#1:acc.itm                                                                                                                     0.0000 1.3701  
        redobject:core/aif#1:slc                                                                                                                         0.0000 1.3701  
        redobject:core/aif#1:slc.itm                                                                                                                     0.0000 1.3701  
        redobject:core/aif#1:aif:or                          mgc_or_1_3                                                                                  0.4246 1.7947  
        redobject:core/aif#1:aif:or.itm                                                                                                                  0.0000 1.7947  
        redobject:core/and#1                                 mgc_and_1_2                                                                                 0.2625 2.0572  
        redobject:core/and#1.itm                                                                                                                         0.0000 2.0572  
        redobject:core/mux#2                                 mgc_mux_1_1_2                                                                               0.3690 2.4262  
        redobject:core/mux#2.itm                                                                                                                         0.0000 2.4262  
        redobject:core/reg(findpixelred.sva)                 mgc_reg_pos_1_0_0_1_1_0_0                                                                   0.0000 2.4262  
                                                                                                                                                                        
      9                                                      redobject:core/video_in:rsc:mgc_in_wire.d redobject:core/reg(findpixelred.sva)              2.4245 17.5755 
                                                                                                                                                                        
        Instance                                             Component                                                                                   Delta  Delay   
        --------                                             ---------                                                                                   -----  -----   
        redobject:core/video_in:rsc:mgc_in_wire.d                                                                                                        0.0000 0.0000  
        redobject:core/slc(video_in:rsc:mgc_in_wire.d)#1                                                                                                 0.0000 0.0000  
        redobject:core/slc(video_in:rsc:mgc_in_wire.d)#1.itm                                                                                             0.0000 0.0000  
        redobject:core/aif:not#1                             mgc_not_10                                                                                  0.0000 0.0000  
        redobject:core/aif:not#1.itm                                                                                                                     0.0000 0.0000  
        redobject:core/conc#3                                                                                                                            0.0000 0.0000  
        redobject:core/conc#3.itm                                                                                                                        0.0000 0.0000  
        redobject:core/aif:acc                               mgc_add_11_0_11_0_11                                                                        1.3684 1.3684  
        redobject:core/aif:acc.itm                                                                                                                       0.0000 1.3684  
        redobject:core/aif:slc                                                                                                                           0.0000 1.3684  
        redobject:core/aif:slc.itm                                                                                                                       0.0000 1.3684  
        redobject:core/aif#1:aif:or                          mgc_or_1_3                                                                                  0.4246 1.7930  
        redobject:core/aif#1:aif:or.itm                                                                                                                  0.0000 1.7930  
        redobject:core/and#1                                 mgc_and_1_2                                                                                 0.2625 2.0555  
        redobject:core/and#1.itm                                                                                                                         0.0000 2.0555  
        redobject:core/mux#2                                 mgc_mux_1_1_2                                                                               0.3690 2.4245  
        redobject:core/mux#2.itm                                                                                                                         0.0000 2.4245  
        redobject:core/reg(findpixelred.sva)                 mgc_reg_pos_1_0_0_1_1_0_0                                                                   0.0000 2.4245  
                                                                                                                                                                        
      10                                                     redobject:core/video_in:rsc:mgc_in_wire.d redobject:core/reg(player1y:rsc:mgc_out_stdreg.d) 2.4020 17.5980 
                                                                                                                                                                        
        Instance                                             Component                                                                                   Delta  Delay   
        --------                                             ---------                                                                                   -----  -----   
        redobject:core/video_in:rsc:mgc_in_wire.d                                                                                                        0.0000 0.0000  
        redobject:core/slc(video_in:rsc:mgc_in_wire.d)#2                                                                                                 0.0000 0.0000  
        redobject:core/slc(video_in:rsc:mgc_in_wire.d)#2.itm                                                                                             0.0000 0.0000  
        redobject:core/if#1:acc                              mgc_add_7_0_6_0_7                                                                           1.0931 1.0931  
        redobject:core/if#1:acc.itm                                                                                                                      0.0000 1.0931  
        redobject:core/slc#4                                                                                                                             0.0000 1.0931  
        redobject:core/slc#4.itm                                                                                                                         0.0000 1.0931  
        redobject:core/or#5                                  mgc_or_1_4                                                                                  0.5358 1.6288  
        redobject:core/or#5.itm                                                                                                                          0.0000 1.6288  
        redobject:core/mux1h                                 mgc_mux1hot_10_3                                                                            0.7732 2.4020  
        redobject:core/mux1h.itm                                                                                                                         0.0000 2.4020  
        redobject:core/reg(player1y:rsc:mgc_out_stdreg.d)    mgc_reg_pos_10_0_0_1_1_0_0                                                                  0.0000 2.4020  
                                                                                                                                                                        
      
    Register Input and Register-to-Output Slack
      Clock period or pin-to-reg delay constraint (clk): 20.0
      Clock uncertainty constraint (clk)               : 0.0
      
      Instance                                          Port             Slack (Delay) Messages 
      ------------------------------------------------- -------------- ------- ------- --------
      redobject:core/reg(player1y:rsc:mgc_out_stdreg.d) mux1h.itm      16.9156  3.0844          
      redobject:core/reg(redobjy.sva)                   mux#1.itm      18.3241  1.6759          
      redobject:core/reg(findpixelred.sva)              mux#2.itm      17.5738  2.4262          
      redobject                                         player1y:rsc.z 20.0000  0.0000          
      
  Operator Bitwidth Summary
    Operation  Size (bits) Count 
    ---------- ----------- -----
    add                          
    -                   11     2 
    -                   10     1 
    -                    7     1 
    and                          
    -                    4     1 
    -                    3     1 
    -                    2     1 
    mux                          
    -                    1     2 
    mux1h                        
    -                    3     1 
    nor                          
    -                    3     2 
    not                          
    -                   10     2 
    -                    1     3 
    or                           
    -                    4     1 
    -                    3     1 
    -                    2     2 
    read_port                    
    -                   30     1 
    -                   20     1 
    -                    1     1 
    reg                          
    -                   10     2 
    -                    1     1 
    write_port                   
    -                   10     1 
    
  End of Report
