-- Catapult University Version: Report                                              
-- ---------------------------- ---------------------------------------------------
-- Version:                     2011a.126 Production Release                        
-- Build Date:                  Wed Aug  8 00:52:07 PDT 2012                        
                                                                                    
-- Generated by:                apl115@EEWS104A-017                                 
-- Generated date:              Tue May 10 13:39:40 +0100 2016                      

Solution Settings: ImageProcessing.v1
  Current state: extract
  Project: Catapult
  
  Design Input Files Specified
    $PROJECT_HOME/vga_mouse_square.c
      $MGC_HOME/shared/include/ac_int.h
  
  Processes/Blocks in Design
    Process               Real Operation(s) count Latency Throughput Reset Length II Comments 
    --------------------- ----------------------- ------- ---------- ------------ -- --------
    /ImageProcessing/core                      43       1          2            0  0          
    Design Total:                              43       1          2            0  0          
    
  Bill Of Materials (Datapath)
    Component Name                          Area Score Area(LUTs) Delay Post Alloc Post Assign 
    --------------------------------------- ---------- ---------- ----- ---------- -----------
    [Lib: mgc_Altera-Cyclone-III-6_beh_psr]                                                    
    mgc_add(10,0,7,1,10)                        11.000     11.000 1.307          1           1 
    mgc_add(11,0,10,1,11)                       12.000     12.000 1.370          3           3 
    mgc_add(11,0,11,0,11)                       12.233     12.233 1.368          1           1 
    mgc_add(7,0,6,0,7)                           8.271      8.271 1.093          1           1 
    mgc_add(8,0,8,1,9)                           9.000      9.000 1.001          1           1 
    mgc_and(1,2)                                 0.730      0.730 0.263          0           6 
    mgc_and(1,3)                                 1.054      1.054 0.416          0           2 
    mgc_and(1,4)                                 1.379      1.379 0.525          0           3 
    mgc_mux(1,1,2)                               0.919      0.919 0.369          1           1 
    mgc_mux(10,1,2)                              9.194      9.194 0.369          4           2 
    mgc_mux(30,1,2)                             27.583     27.583 0.369          0           1 
    mgc_mux1hot(1,3)                             2.190      2.190 0.773          0           1 
    mgc_mux1hot(10,3)                           21.896     21.896 0.773          0           2 
    mgc_nor(1,2)                                 0.730      0.730 0.263          0           3 
    mgc_nor(1,3)                                 1.054      1.054 0.416          0           3 
    mgc_not(1)                                   0.000      0.000 0.000          0          12 
    mgc_not(10)                                  0.000      0.000 0.000          0           4 
    mgc_or(1,2)                                  0.730      0.730 0.268          0           6 
    mgc_or(1,3)                                  1.054      1.054 0.425          0           1 
    mgc_or(1,5)                                  1.704      1.704 0.622          0           1 
    mgc_or(1,6)                                  2.028      2.028 0.692          0           1 
    mgc_reg_pos(1,0,0,1,1,0,0)                   0.000      0.000 0.000          0           2 
    mgc_reg_pos(10,0,0,1,1,0,0)                  0.000      0.000 0.000          0           4 
    mgc_reg_pos(30,0,0,1,1,0,0)                  0.000      0.000 0.000          0           1 
    [Lib: mgc_ioport]                                                                          
    mgc_in_wire(1,1)                             0.000      0.000 0.000          1           1 
    mgc_in_wire(2,20)                            0.000      0.000 0.000          1           1 
    mgc_in_wire(3,30)                            0.000      0.000 0.000          1           1 
    mgc_out_stdreg(4,10)                         0.000      0.000 0.000          1           1 
    mgc_out_stdreg(5,10)                         0.000      0.000 0.000          1           1 
    mgc_out_stdreg(6,30)                         0.000      0.000 0.000          1           1 
                                                                                               
    TOTAL AREA (After Assignment):             194.520    195.000                              
    
  Area Scores
                      Post-Scheduling  Post-DP & FSM Post-Assignment 
    ----------------- --------------- -------------- ---------------
    Total Area Score:    114.2          222.6           194.5        
    Total Reg:             0.0            0.0             0.0        
                                                                     
    DataPath:            114.2 (100%)   222.6 (100%)    194.5 (100%) 
      MUX:                37.7  (33%)   120.3  (54%)     92.9  (48%) 
      FUNC:               76.5  (67%)    76.5  (34%)     76.5  (39%) 
      LOGIC:               0.0           25.9  (12%)     25.1  (13%) 
      BUFFER:              0.0            0.0             0.0        
      MEM:                 0.0            0.0             0.0        
      ROM:                 0.0            0.0             0.0        
      REG:                 0.0            0.0             0.0        
                                                                     
    
    FSM:                   0.0            0.0             0.0        
      FSM-REG:             0.0            0.0             0.0        
      FSM-COMB:            0.0            0.0             0.0        
                                                                     
    
  Register-to-Variable Mappings
    Register                       Size(bits) Gated Register CG Opt Done Variables                                             
    ------------------------------ ---------- -------------- ----------- -----------------------------------------------------
    video_out:rsc:mgc_out_stdreg.d         30                            video_out:rsc:mgc_out_stdreg.d                        
    blueobjy.sva                           10                            blueobjy.sva                                          
    player1y:rsc:mgc_out_stdreg.d          10                            player1y:rsc:mgc_out_stdreg.d                         
    player2y:rsc:mgc_out_stdreg.d          10                            player2y:rsc:mgc_out_stdreg.d                         
    redobjy.sva                            10                            redobjy.sva                                           
    findpixelblue.sva                       1                            findpixelblue.sva                                     
    findpixelred.sva                        1                            findpixelred.sva                                      
                                                                                                                               
    Total:                                 72              0           0 (Total Gating Ratio: 0.00, CG Opt Gating Ratio: 0.00) 
    
  Timing Report
    Critical Path
      Max Delay:  3.288597
      Slack:      16.711403
      
      Path                                                         Startpoint                                      Endpoint                                                Delay  Slack   
      ------------------------------------------------------------ ----------------------------------------------- ------------------------------------------------------- ------ -------
      1                                                            ImageProcessing:core/video_in:rsc:mgc_in_wire.d ImageProcessing:core/reg(player2y:rsc:mgc_out_stdreg.d) 3.2886 16.7114 
                                                                                                                                                                                          
        Instance                                                   Component                                                                                               Delta  Delay   
        --------                                                   ---------                                                                                               -----  -----   
        ImageProcessing:core/video_in:rsc:mgc_in_wire.d                                                                                                                    0.0000 0.0000  
        ImageProcessing:core/slc(video_in:rsc:mgc_in_wire.d)#1                                                                                                             0.0000 0.0000  
        ImageProcessing:core/slc(video_in:rsc:mgc_in_wire.d)#1.itm                                                                                                         0.0000 0.0000  
        ImageProcessing:core/else#1:aif:not#2                      mgc_not_10                                                                                              0.0000 0.0000  
        ImageProcessing:core/else#1:aif:not#2.itm                                                                                                                          0.0000 0.0000  
        ImageProcessing:core/conc#13                                                                                                                                       0.0000 0.0000  
        ImageProcessing:core/conc#13.itm                                                                                                                                   0.0000 0.0000  
        ImageProcessing:core/aif:acc                               mgc_add_11_0_11_0_11                                                                                    1.3684 1.3684  
        ImageProcessing:core/aif:acc.itm                                                                                                                                   0.0000 1.3684  
        ImageProcessing:core/aif:slc#3                                                                                                                                     0.0000 1.3684  
        ImageProcessing:core/aif:slc#3.itm                                                                                                                                 0.0000 1.3684  
        ImageProcessing:core/nor#2                                 mgc_nor_1_2                                                                                             0.2625 1.6309  
        ImageProcessing:core/and.dcpl#4                                                                                                                                    0.0000 1.6309  
        ImageProcessing:core/and#8                                 mgc_and_1_2                                                                                             0.2625 1.8934  
        ImageProcessing:core/and.dcpl#5                                                                                                                                    0.0000 1.8934  
        ImageProcessing:core/or#17                                 mgc_or_1_5                                                                                              0.6220 2.5154  
        ImageProcessing:core/or#17.itm                                                                                                                                     0.0000 2.5154  
        ImageProcessing:core/mux1h#1                               mgc_mux1hot_10_3                                                                                        0.7732 3.2886  
        ImageProcessing:core/mux1h#1.itm                                                                                                                                   0.0000 3.2886  
        ImageProcessing:core/reg(player2y:rsc:mgc_out_stdreg.d)    mgc_reg_pos_10_0_0_1_1_0_0                                                                              0.0000 3.2886  
                                                                                                                                                                                          
      2                                                            ImageProcessing:core/video_in:rsc:mgc_in_wire.d ImageProcessing:core/reg(player2y:rsc:mgc_out_stdreg.d) 3.2024 16.7976 
                                                                                                                                                                                          
        Instance                                                   Component                                                                                               Delta  Delay   
        --------                                                   ---------                                                                                               -----  -----   
        ImageProcessing:core/video_in:rsc:mgc_in_wire.d                                                                                                                    0.0000 0.0000  
        ImageProcessing:core/slc(video_in:rsc:mgc_in_wire.d)#1                                                                                                             0.0000 0.0000  
        ImageProcessing:core/slc(video_in:rsc:mgc_in_wire.d)#1.itm                                                                                                         0.0000 0.0000  
        ImageProcessing:core/else#1:aif:not#2                      mgc_not_10                                                                                              0.0000 0.0000  
        ImageProcessing:core/else#1:aif:not#2.itm                                                                                                                          0.0000 0.0000  
        ImageProcessing:core/conc#13                                                                                                                                       0.0000 0.0000  
        ImageProcessing:core/conc#13.itm                                                                                                                                   0.0000 0.0000  
        ImageProcessing:core/aif:acc                               mgc_add_11_0_11_0_11                                                                                    1.3684 1.3684  
        ImageProcessing:core/aif:acc.itm                                                                                                                                   0.0000 1.3684  
        ImageProcessing:core/aif:slc#1                                                                                                                                     0.0000 1.3684  
        ImageProcessing:core/aif:slc#1.itm                                                                                                                                 0.0000 1.3684  
        ImageProcessing:core/or#7                                  mgc_or_1_2                                                                                              0.2679 1.6363  
        ImageProcessing:core/or.dcpl#3                                                                                                                                     0.0000 1.6363  
        ImageProcessing:core/or#11                                 mgc_or_1_2                                                                                              0.2679 1.9042  
        ImageProcessing:core/or.dcpl#7                                                                                                                                     0.0000 1.9042  
        ImageProcessing:core/and#20                                mgc_and_1_4                                                                                             0.5250 2.4292  
        ImageProcessing:core/and#20.itm                                                                                                                                    0.0000 2.4292  
        ImageProcessing:core/mux1h#1                               mgc_mux1hot_10_3                                                                                        0.7732 3.2024  
        ImageProcessing:core/mux1h#1.itm                                                                                                                                   0.0000 3.2024  
        ImageProcessing:core/reg(player2y:rsc:mgc_out_stdreg.d)    mgc_reg_pos_10_0_0_1_1_0_0                                                                              0.0000 3.2024  
                                                                                                                                                                                          
      3                                                            ImageProcessing:core/video_in:rsc:mgc_in_wire.d ImageProcessing:core/reg(player2y:rsc:mgc_out_stdreg.d) 3.2024 16.7976 
                                                                                                                                                                                          
        Instance                                                   Component                                                                                               Delta  Delay   
        --------                                                   ---------                                                                                               -----  -----   
        ImageProcessing:core/video_in:rsc:mgc_in_wire.d                                                                                                                    0.0000 0.0000  
        ImageProcessing:core/slc(video_in:rsc:mgc_in_wire.d)#1                                                                                                             0.0000 0.0000  
        ImageProcessing:core/slc(video_in:rsc:mgc_in_wire.d)#1.itm                                                                                                         0.0000 0.0000  
        ImageProcessing:core/else#1:aif:not#2                      mgc_not_10                                                                                              0.0000 0.0000  
        ImageProcessing:core/else#1:aif:not#2.itm                                                                                                                          0.0000 0.0000  
        ImageProcessing:core/conc#13                                                                                                                                       0.0000 0.0000  
        ImageProcessing:core/conc#13.itm                                                                                                                                   0.0000 0.0000  
        ImageProcessing:core/aif:acc                               mgc_add_11_0_11_0_11                                                                                    1.3684 1.3684  
        ImageProcessing:core/aif:acc.itm                                                                                                                                   0.0000 1.3684  
        ImageProcessing:core/aif:slc#1                                                                                                                                     0.0000 1.3684  
        ImageProcessing:core/aif:slc#1.itm                                                                                                                                 0.0000 1.3684  
        ImageProcessing:core/or#7                                  mgc_or_1_2                                                                                              0.2679 1.6363  
        ImageProcessing:core/or.dcpl#3                                                                                                                                     0.0000 1.6363  
        ImageProcessing:core/or#11                                 mgc_or_1_2                                                                                              0.2679 1.9042  
        ImageProcessing:core/or.dcpl#7                                                                                                                                     0.0000 1.9042  
        ImageProcessing:core/and#26                                mgc_and_1_4                                                                                             0.5250 2.4292  
        ImageProcessing:core/and#26.itm                                                                                                                                    0.0000 2.4292  
        ImageProcessing:core/mux1h#1                               mgc_mux1hot_10_3                                                                                        0.7732 3.2024  
        ImageProcessing:core/mux1h#1.itm                                                                                                                                   0.0000 3.2024  
        ImageProcessing:core/reg(player2y:rsc:mgc_out_stdreg.d)    mgc_reg_pos_10_0_0_1_1_0_0                                                                              0.0000 3.2024  
                                                                                                                                                                                          
      4                                                            ImageProcessing:core/video_in:rsc:mgc_in_wire.d ImageProcessing:core/reg(player1y:rsc:mgc_out_stdreg.d) 3.1916 16.8084 
                                                                                                                                                                                          
        Instance                                                   Component                                                                                               Delta  Delay   
        --------                                                   ---------                                                                                               -----  -----   
        ImageProcessing:core/video_in:rsc:mgc_in_wire.d                                                                                                                    0.0000 0.0000  
        ImageProcessing:core/slc(video_in:rsc:mgc_in_wire.d)#1                                                                                                             0.0000 0.0000  
        ImageProcessing:core/slc(video_in:rsc:mgc_in_wire.d)#1.itm                                                                                                         0.0000 0.0000  
        ImageProcessing:core/else#1:aif:not#2                      mgc_not_10                                                                                              0.0000 0.0000  
        ImageProcessing:core/else#1:aif:not#2.itm                                                                                                                          0.0000 0.0000  
        ImageProcessing:core/conc#13                                                                                                                                       0.0000 0.0000  
        ImageProcessing:core/conc#13.itm                                                                                                                                   0.0000 0.0000  
        ImageProcessing:core/aif:acc                               mgc_add_11_0_11_0_11                                                                                    1.3684 1.3684  
        ImageProcessing:core/aif:acc.itm                                                                                                                                   0.0000 1.3684  
        ImageProcessing:core/aif:slc#3                                                                                                                                     0.0000 1.3684  
        ImageProcessing:core/aif:slc#3.itm                                                                                                                                 0.0000 1.3684  
        ImageProcessing:core/nor#2                                 mgc_nor_1_2                                                                                             0.2625 1.6309  
        ImageProcessing:core/and.dcpl#4                                                                                                                                    0.0000 1.6309  
        ImageProcessing:core/and#8                                 mgc_and_1_2                                                                                             0.2625 1.8934  
        ImageProcessing:core/and.dcpl#5                                                                                                                                    0.0000 1.8934  
        ImageProcessing:core/and#14                                mgc_and_1_4                                                                                             0.5250 2.4185  
        ImageProcessing:core/and#14.itm                                                                                                                                    0.0000 2.4185  
        ImageProcessing:core/mux1h                                 mgc_mux1hot_10_3                                                                                        0.7732 3.1916  
        ImageProcessing:core/mux1h.itm                                                                                                                                     0.0000 3.1916  
        ImageProcessing:core/reg(player1y:rsc:mgc_out_stdreg.d)    mgc_reg_pos_10_0_0_1_1_0_0                                                                              0.0000 3.1916  
                                                                                                                                                                                          
      5                                                            ImageProcessing:core/video_in:rsc:mgc_in_wire.d ImageProcessing:core/reg(player1y:rsc:mgc_out_stdreg.d) 3.0827 16.9173 
                                                                                                                                                                                          
        Instance                                                   Component                                                                                               Delta  Delay   
        --------                                                   ---------                                                                                               -----  -----   
        ImageProcessing:core/video_in:rsc:mgc_in_wire.d                                                                                                                    0.0000 0.0000  
        ImageProcessing:core/slc(video_in:rsc:mgc_in_wire.d)#1                                                                                                             0.0000 0.0000  
        ImageProcessing:core/slc(video_in:rsc:mgc_in_wire.d)#1.itm                                                                                                         0.0000 0.0000  
        ImageProcessing:core/else#1:aif:not#2                      mgc_not_10                                                                                              0.0000 0.0000  
        ImageProcessing:core/else#1:aif:not#2.itm                                                                                                                          0.0000 0.0000  
        ImageProcessing:core/conc#13                                                                                                                                       0.0000 0.0000  
        ImageProcessing:core/conc#13.itm                                                                                                                                   0.0000 0.0000  
        ImageProcessing:core/aif:acc                               mgc_add_11_0_11_0_11                                                                                    1.3684 1.3684  
        ImageProcessing:core/aif:acc.itm                                                                                                                                   0.0000 1.3684  
        ImageProcessing:core/aif:slc#3                                                                                                                                     0.0000 1.3684  
        ImageProcessing:core/aif:slc#3.itm                                                                                                                                 0.0000 1.3684  
        ImageProcessing:core/nor#2                                 mgc_nor_1_2                                                                                             0.2625 1.6309  
        ImageProcessing:core/and.dcpl#4                                                                                                                                    0.0000 1.6309  
        ImageProcessing:core/and#8                                 mgc_and_1_2                                                                                             0.2625 1.8934  
        ImageProcessing:core/and.dcpl#5                                                                                                                                    0.0000 1.8934  
        ImageProcessing:core/and#9                                 mgc_and_1_3                                                                                             0.4161 2.3095  
        ImageProcessing:core/and#9.itm                                                                                                                                     0.0000 2.3095  
        ImageProcessing:core/mux1h                                 mgc_mux1hot_10_3                                                                                        0.7732 3.0827  
        ImageProcessing:core/mux1h.itm                                                                                                                                     0.0000 3.0827  
        ImageProcessing:core/reg(player1y:rsc:mgc_out_stdreg.d)    mgc_reg_pos_10_0_0_1_1_0_0                                                                              0.0000 3.0827  
                                                                                                                                                                                          
      6                                                            ImageProcessing:core/video_in:rsc:mgc_in_wire.d ImageProcessing:core/reg(blueobjy.sva)                  2.9549 17.0451 
                                                                                                                                                                                          
        Instance                                                   Component                                                                                               Delta  Delay   
        --------                                                   ---------                                                                                               -----  -----   
        ImageProcessing:core/video_in:rsc:mgc_in_wire.d                                                                                                                    0.0000 0.0000  
        ImageProcessing:core/slc(video_in:rsc:mgc_in_wire.d)#1                                                                                                             0.0000 0.0000  
        ImageProcessing:core/slc(video_in:rsc:mgc_in_wire.d)#1.itm                                                                                                         0.0000 0.0000  
        ImageProcessing:core/else#1:aif:not#2                      mgc_not_10                                                                                              0.0000 0.0000  
        ImageProcessing:core/else#1:aif:not#2.itm                                                                                                                          0.0000 0.0000  
        ImageProcessing:core/conc#13                                                                                                                                       0.0000 0.0000  
        ImageProcessing:core/conc#13.itm                                                                                                                                   0.0000 0.0000  
        ImageProcessing:core/aif:acc                               mgc_add_11_0_11_0_11                                                                                    1.3684 1.3684  
        ImageProcessing:core/aif:acc.itm                                                                                                                                   0.0000 1.3684  
        ImageProcessing:core/aif:slc#3                                                                                                                                     0.0000 1.3684  
        ImageProcessing:core/aif:slc#3.itm                                                                                                                                 0.0000 1.3684  
        ImageProcessing:core/nor#2                                 mgc_nor_1_2                                                                                             0.2625 1.6309  
        ImageProcessing:core/and.dcpl#4                                                                                                                                    0.0000 1.6309  
        ImageProcessing:core/and#8                                 mgc_and_1_2                                                                                             0.2625 1.8934  
        ImageProcessing:core/and.dcpl#5                                                                                                                                    0.0000 1.8934  
        ImageProcessing:core/or#22                                 mgc_or_1_6                                                                                              0.6925 2.5859  
        ImageProcessing:core/or#22.itm                                                                                                                                     0.0000 2.5859  
        ImageProcessing:core/mux#2                                 mgc_mux_10_1_2                                                                                          0.3690 2.9549  
        ImageProcessing:core/mux#2.itm                                                                                                                                     0.0000 2.9549  
        ImageProcessing:core/reg(blueobjy.sva)                     mgc_reg_pos_10_0_0_1_1_0_0                                                                              0.0000 2.9549  
                                                                                                                                                                                          
      7                                                            ImageProcessing:core/video_in:rsc:mgc_in_wire.d ImageProcessing:core/reg(findpixelblue.sva)             2.9398 17.0602 
                                                                                                                                                                                          
        Instance                                                   Component                                                                                               Delta  Delay   
        --------                                                   ---------                                                                                               -----  -----   
        ImageProcessing:core/video_in:rsc:mgc_in_wire.d                                                                                                                    0.0000 0.0000  
        ImageProcessing:core/slc(video_in:rsc:mgc_in_wire.d)#1                                                                                                             0.0000 0.0000  
        ImageProcessing:core/slc(video_in:rsc:mgc_in_wire.d)#1.itm                                                                                                         0.0000 0.0000  
        ImageProcessing:core/else#1:aif:not#2                      mgc_not_10                                                                                              0.0000 0.0000  
        ImageProcessing:core/else#1:aif:not#2.itm                                                                                                                          0.0000 0.0000  
        ImageProcessing:core/conc#13                                                                                                                                       0.0000 0.0000  
        ImageProcessing:core/conc#13.itm                                                                                                                                   0.0000 0.0000  
        ImageProcessing:core/aif:acc                               mgc_add_11_0_11_0_11                                                                                    1.3684 1.3684  
        ImageProcessing:core/aif:acc.itm                                                                                                                                   0.0000 1.3684  
        ImageProcessing:core/aif:slc#1                                                                                                                                     0.0000 1.3684  
        ImageProcessing:core/aif:slc#1.itm                                                                                                                                 0.0000 1.3684  
        ImageProcessing:core/or#7                                  mgc_or_1_2                                                                                              0.2679 1.6363  
        ImageProcessing:core/or.dcpl#3                                                                                                                                     0.0000 1.6363  
        ImageProcessing:core/or#11                                 mgc_or_1_2                                                                                              0.2679 1.9042  
        ImageProcessing:core/or.dcpl#7                                                                                                                                     0.0000 1.9042  
        ImageProcessing:core/and#35                                mgc_and_1_2                                                                                             0.2625 2.1667  
        ImageProcessing:core/and#35.itm                                                                                                                                    0.0000 2.1667  
        ImageProcessing:core/mux1h#2                               mgc_mux1hot_1_3                                                                                         0.7732 2.9398  
        ImageProcessing:core/mux1h#2.itm                                                                                                                                   0.0000 2.9398  
        ImageProcessing:core/reg(findpixelblue.sva)                mgc_reg_pos_1_0_0_1_1_0_0                                                                               0.0000 2.9398  
                                                                                                                                                                                          
      8                                                            ImageProcessing:core/video_in:rsc:mgc_in_wire.d ImageProcessing:core/reg(player2y:rsc:mgc_out_stdreg.d) 2.9308 17.0692 
                                                                                                                                                                                          
        Instance                                                   Component                                                                                               Delta  Delay   
        --------                                                   ---------                                                                                               -----  -----   
        ImageProcessing:core/video_in:rsc:mgc_in_wire.d                                                                                                                    0.0000 0.0000  
        ImageProcessing:core/slc(video_in:rsc:mgc_in_wire.d)#2                                                                                                             0.0000 0.0000  
        ImageProcessing:core/slc(video_in:rsc:mgc_in_wire.d)#2.itm                                                                                                         0.0000 0.0000  
        ImageProcessing:core/else#1:not#1                          mgc_not_10                                                                                              0.0000 0.0000  
        ImageProcessing:core/else#1:not#1.itm                                                                                                                              0.0000 0.0000  
        ImageProcessing:core/conc#11                                                                                                                                       0.0000 0.0000  
        ImageProcessing:core/conc#11.itm                                                                                                                                   0.0000 0.0000  
        ImageProcessing:core/else#1:acc                            mgc_add_11_0_10_1_11                                                                                    1.3701 1.3701  
        ImageProcessing:core/else#1:acc.itm                                                                                                                                0.0000 1.3701  
        ImageProcessing:core/else#1:slc#1                                                                                                                                  0.0000 1.3701  
        ImageProcessing:core/else#1:slc#1.itm                                                                                                                              0.0000 1.3701  
        ImageProcessing:core/not#29                                mgc_not_1                                                                                               0.0000 1.3701  
        ImageProcessing:core/not#29.itm                                                                                                                                    0.0000 1.3701  
        ImageProcessing:core/and#18                                mgc_and_1_2                                                                                             0.2625 1.6326  
        ImageProcessing:core/and.dcpl#15                                                                                                                                   0.0000 1.6326  
        ImageProcessing:core/and#26                                mgc_and_1_4                                                                                             0.5250 2.1576  
        ImageProcessing:core/and#26.itm                                                                                                                                    0.0000 2.1576  
        ImageProcessing:core/mux1h#1                               mgc_mux1hot_10_3                                                                                        0.7732 2.9308  
        ImageProcessing:core/mux1h#1.itm                                                                                                                                   0.0000 2.9308  
        ImageProcessing:core/reg(player2y:rsc:mgc_out_stdreg.d)    mgc_reg_pos_10_0_0_1_1_0_0                                                                              0.0000 2.9308  
                                                                                                                                                                                          
      9                                                            ImageProcessing:core/video_in:rsc:mgc_in_wire.d ImageProcessing:core/reg(player2y:rsc:mgc_out_stdreg.d) 2.9308 17.0692 
                                                                                                                                                                                          
        Instance                                                   Component                                                                                               Delta  Delay   
        --------                                                   ---------                                                                                               -----  -----   
        ImageProcessing:core/video_in:rsc:mgc_in_wire.d                                                                                                                    0.0000 0.0000  
        ImageProcessing:core/slc(video_in:rsc:mgc_in_wire.d)#5                                                                                                             0.0000 0.0000  
        ImageProcessing:core/slc(video_in:rsc:mgc_in_wire.d)#5.itm                                                                                                         0.0000 0.0000  
        ImageProcessing:core/else#1:aif:not#4                      mgc_not_10                                                                                              0.0000 0.0000  
        ImageProcessing:core/else#1:aif:not#4.itm                                                                                                                          0.0000 0.0000  
        ImageProcessing:core/conc#10                                                                                                                                       0.0000 0.0000  
        ImageProcessing:core/conc#10.itm                                                                                                                                   0.0000 0.0000  
        ImageProcessing:core/else#1:aif:acc                        mgc_add_11_0_10_1_11                                                                                    1.3701 1.3701  
        ImageProcessing:core/else#1:aif:acc.itm                                                                                                                            0.0000 1.3701  
        ImageProcessing:core/else#1:aif:slc#3                                                                                                                              0.0000 1.3701  
        ImageProcessing:core/else#1:aif:slc#3.itm                                                                                                                          0.0000 1.3701  
        ImageProcessing:core/nor#3                                 mgc_nor_1_2                                                                                             0.2625 1.6326  
        ImageProcessing:core/and.dcpl#13                                                                                                                                   0.0000 1.6326  
        ImageProcessing:core/and#26                                mgc_and_1_4                                                                                             0.5250 2.1576  
        ImageProcessing:core/and#26.itm                                                                                                                                    0.0000 2.1576  
        ImageProcessing:core/mux1h#1                               mgc_mux1hot_10_3                                                                                        0.7732 2.9308  
        ImageProcessing:core/mux1h#1.itm                                                                                                                                   0.0000 2.9308  
        ImageProcessing:core/reg(player2y:rsc:mgc_out_stdreg.d)    mgc_reg_pos_10_0_0_1_1_0_0                                                                              0.0000 2.9308  
                                                                                                                                                                                          
      10                                                           ImageProcessing:core/video_in:rsc:mgc_in_wire.d ImageProcessing:core/reg(player1y:rsc:mgc_out_stdreg.d) 2.8340 17.1660 
                                                                                                                                                                                          
        Instance                                                   Component                                                                                               Delta  Delay   
        --------                                                   ---------                                                                                               -----  -----   
        ImageProcessing:core/video_in:rsc:mgc_in_wire.d                                                                                                                    0.0000 0.0000  
        ImageProcessing:core/slc(video_in:rsc:mgc_in_wire.d)#1                                                                                                             0.0000 0.0000  
        ImageProcessing:core/slc(video_in:rsc:mgc_in_wire.d)#1.itm                                                                                                         0.0000 0.0000  
        ImageProcessing:core/else#1:aif:not#2                      mgc_not_10                                                                                              0.0000 0.0000  
        ImageProcessing:core/else#1:aif:not#2.itm                                                                                                                          0.0000 0.0000  
        ImageProcessing:core/conc#13                                                                                                                                       0.0000 0.0000  
        ImageProcessing:core/conc#13.itm                                                                                                                                   0.0000 0.0000  
        ImageProcessing:core/aif:acc                               mgc_add_11_0_11_0_11                                                                                    1.3684 1.3684  
        ImageProcessing:core/aif:acc.itm                                                                                                                                   0.0000 1.3684  
        ImageProcessing:core/aif:slc#1                                                                                                                                     0.0000 1.3684  
        ImageProcessing:core/aif:slc#1.itm                                                                                                                                 0.0000 1.3684  
        ImageProcessing:core/or#7                                  mgc_or_1_2                                                                                              0.2679 1.6363  
        ImageProcessing:core/or.dcpl#3                                                                                                                                     0.0000 1.6363  
        ImageProcessing:core/or#8                                  mgc_or_1_3                                                                                              0.4246 2.0609  
        ImageProcessing:core/or#8.itm                                                                                                                                      0.0000 2.0609  
        ImageProcessing:core/mux1h                                 mgc_mux1hot_10_3                                                                                        0.7732 2.8340  
        ImageProcessing:core/mux1h.itm                                                                                                                                     0.0000 2.8340  
        ImageProcessing:core/reg(player1y:rsc:mgc_out_stdreg.d)    mgc_reg_pos_10_0_0_1_1_0_0                                                                              0.0000 2.8340  
                                                                                                                                                                                          
      
    Register Input and Register-to-Output Slack
      Clock period or pin-to-reg delay constraint (clk): 20.0
      Clock uncertainty constraint (clk)               : 0.0
      
      Instance                                                 Port              Slack (Delay) Messages 
      -------------------------------------------------------- --------------- ------- ------- --------
      ImageProcessing:core/reg(player1y:rsc:mgc_out_stdreg.d)  mux1h.itm       16.8084  3.1916          
      ImageProcessing:core/reg(redobjy.sva)                    mux#1.itm       18.3241  1.6759          
      ImageProcessing:core/reg(player2y:rsc:mgc_out_stdreg.d)  mux1h#1.itm     16.7114  3.2886          
      ImageProcessing:core/reg(blueobjy.sva)                   mux#2.itm       17.0451  2.9549          
      ImageProcessing:core/reg(video_out:rsc:mgc_out_stdreg.d) mux#3.itm       17.5823  2.4177          
      ImageProcessing:core/reg(findpixelblue.sva)              mux1h#2.itm     17.0602  2.9398          
      ImageProcessing:core/reg(findpixelred.sva)               mux#4.itm       17.5823  2.4177          
      ImageProcessing                                          player1y:rsc.z  20.0000  0.0000          
      ImageProcessing                                          player2y:rsc.z  20.0000  0.0000          
      ImageProcessing                                          video_out:rsc.z 20.0000  0.0000          
      
  Operator Bitwidth Summary
    Operation  Size (bits) Count 
    ---------- ----------- -----
    add                          
    -                   11     4 
    -                   10     1 
    -                    9     1 
    -                    7     1 
    and                          
    -                    4     3 
    -                    3     2 
    -                    2     6 
    mux                          
    -                    1     4 
    mux1h                        
    -                    3     3 
    nor                          
    -                    3     3 
    -                    2     3 
    not                          
    -                   10     4 
    -                    1    12 
    or                           
    -                    6     1 
    -                    5     1 
    -                    3     1 
    -                    2     6 
    read_port                    
    -                   30     1 
    -                   20     1 
    -                    1     1 
    reg                          
    -                   30     1 
    -                   10     4 
    -                    1     2 
    write_port                   
    -                   30     1 
    -                   10     2 
    
  End of Report
