-- Catapult University Version: Report                                              
-- ---------------------------- ---------------------------------------------------
-- Version:                     2011a.126 Production Release                        
-- Build Date:                  Wed Aug  8 00:52:07 PDT 2012                        
                                                                                    
-- Generated by:                apl115@EEWS104A-012                                 
-- Generated date:              Fri May 06 12:24:47 +0100 2016                      

Solution Settings: ImageUnit.v3
  Current state: schedule
  Project: Catapult
  
  Design Input Files Specified
    $PROJECT_HOME/drawscreen.c
      $MGC_HOME/shared/include/ac_int.h
  
  Processes/Blocks in Design
    Process         Real Operation(s) count Latency Throughput Reset Length II Comments 
    --------------- ----------------------- ------- ---------- ------------ -- --------
    /ImageUnit/core                     212       4          5            0  0          
    Design Total:                       212       4          5            0  0          
    
  Clock Information
    Clock Signal Edge   Period Sharing Alloc (%) Uncertainty Used by Processes/Blocks 
    ------------ ------ ------ ----------------- ----------- ------------------------
    clk          rising 20.000             20.00    0.000000 /ImageUnit/core          
    
  I/O Data Ranges
    Port            Mode DeclType DeclWidth DeclRange ActType ActWidth ActRange 
    --------------- ---- -------- --------- --------- ------- -------- --------
    vga_x:rsc.z     IN   Unsigned        11                                     
    vga_y:rsc.z     IN   Unsigned        11                                     
    p1y:rsc.z       IN   Unsigned        11                                     
    p2y:rsc.z       IN   Unsigned        11                                     
    bx:rsc.z        IN   Unsigned        11                                     
    by:rsc.z        IN   Unsigned        11                                     
    p1planets:rsc.z IN   Unsigned         8                                     
    p2planets:rsc.z IN   Unsigned         8                                     
    RGB:rsc.z       IN   Unsigned        30                                     
    clk             IN   Unsigned         1                                     
    en              IN   Unsigned         1                                     
    arst_n          IN   Unsigned         1                                     
    RGB_o:rsc.z     OUT  Unsigned        30                                     
    
  Memory Resources
    Resource Name: /ImageUnit/vga_x:rsc
      Memory Component: mgc_in_wire                  Size:         1 x 11
      External:         true                         Packing Mode: sidebyside
      Memory Map:
      Variable         Indices Phys Memory Address     
      ---------------- ------- -----------------------
      /ImageUnit/vga_x    0:10 00000000-00000000 (0-0) 
      
    Resource Name: /ImageUnit/vga_y:rsc
      Memory Component: mgc_in_wire                  Size:         1 x 11
      External:         true                         Packing Mode: sidebyside
      Memory Map:
      Variable         Indices Phys Memory Address     
      ---------------- ------- -----------------------
      /ImageUnit/vga_y    0:10 00000000-00000000 (0-0) 
      
    Resource Name: /ImageUnit/p1y:rsc
      Memory Component: mgc_in_wire                  Size:         1 x 11
      External:         true                         Packing Mode: sidebyside
      Memory Map:
      Variable       Indices Phys Memory Address     
      -------------- ------- -----------------------
      /ImageUnit/p1y    0:10 00000000-00000000 (0-0) 
      
    Resource Name: /ImageUnit/p2y:rsc
      Memory Component: mgc_in_wire                  Size:         1 x 11
      External:         true                         Packing Mode: sidebyside
      Memory Map:
      Variable       Indices Phys Memory Address     
      -------------- ------- -----------------------
      /ImageUnit/p2y    0:10 00000000-00000000 (0-0) 
      
    Resource Name: /ImageUnit/bx:rsc
      Memory Component: mgc_in_wire                  Size:         1 x 11
      External:         true                         Packing Mode: sidebyside
      Memory Map:
      Variable      Indices Phys Memory Address     
      ------------- ------- -----------------------
      /ImageUnit/bx    0:10 00000000-00000000 (0-0) 
      
    Resource Name: /ImageUnit/by:rsc
      Memory Component: mgc_in_wire                  Size:         1 x 11
      External:         true                         Packing Mode: sidebyside
      Memory Map:
      Variable      Indices Phys Memory Address     
      ------------- ------- -----------------------
      /ImageUnit/by    0:10 00000000-00000000 (0-0) 
      
    Resource Name: /ImageUnit/p1planets:rsc
      Memory Component: mgc_in_wire                  Size:         1 x 8
      External:         true                         Packing Mode: sidebyside
      Memory Map:
      Variable             Indices Phys Memory Address     
      -------------------- ------- -----------------------
      /ImageUnit/p1planets     0:7 00000000-00000000 (0-0) 
      
    Resource Name: /ImageUnit/p2planets:rsc
      Memory Component: mgc_in_wire                  Size:         1 x 8
      External:         true                         Packing Mode: sidebyside
      Memory Map:
      Variable             Indices Phys Memory Address     
      -------------------- ------- -----------------------
      /ImageUnit/p2planets     0:7 00000000-00000000 (0-0) 
      
    Resource Name: /ImageUnit/RGB:rsc
      Memory Component: mgc_in_wire                  Size:         1 x 30
      External:         true                         Packing Mode: sidebyside
      Memory Map:
      Variable       Indices Phys Memory Address     
      -------------- ------- -----------------------
      /ImageUnit/RGB    0:29 00000000-00000000 (0-0) 
      
    Resource Name: /ImageUnit/RGB_o:rsc
      Memory Component: mgc_out_stdreg               Size:         1 x 30
      External:         true                         Packing Mode: sidebyside
      Memory Map:
      Variable         Indices Phys Memory Address     
      ---------------- ------- -----------------------
      /ImageUnit/RGB_o    0:29 00000000-00000000 (0-0) 
      
  Multi-Cycle (Combinational) Component Usage
    Instance Component Name Delay 
    -------- -------------- -----
    
  Loops
    Process         Loop             Iterations C-Steps Total Cycles   Duration  Unroll Init Comments 
    --------------- ---------------- ---------- ------- ------------- ---------- ------ ---- --------
    /ImageUnit/core main               Infinite       5            5  100.00 ns                       
    
  Loop Execution Profile
    Process         Loop             Total Cycles % of Overall Design Cycles Throughput Cycles Comments 
    --------------- ---------------- ------------ -------------------------- ----------------- --------
    /ImageUnit/core main                       5                      100.00                5           
    
  End of Report
